mode: atomic
yamanmnur/simple-dashboard/internal/middlewares/error_handler.go:13.52,14.16 1 0
yamanmnur/simple-dashboard/internal/middlewares/error_handler.go:14.16,23.45 8 0
yamanmnur/simple-dashboard/internal/middlewares/error_handler.go:23.45,26.4 2 0
yamanmnur/simple-dashboard/internal/middlewares/error_handler.go:26.9,26.53 1 0
yamanmnur/simple-dashboard/internal/middlewares/error_handler.go:26.53,29.4 2 0
yamanmnur/simple-dashboard/internal/middlewares/error_handler.go:29.9,29.50 1 0
yamanmnur/simple-dashboard/internal/middlewares/error_handler.go:29.50,32.4 2 0
yamanmnur/simple-dashboard/internal/middlewares/error_handler.go:32.9,32.50 1 0
yamanmnur/simple-dashboard/internal/middlewares/error_handler.go:32.50,35.4 2 0
yamanmnur/simple-dashboard/internal/middlewares/error_handler.go:35.9,35.51 1 0
yamanmnur/simple-dashboard/internal/middlewares/error_handler.go:35.51,38.4 2 0
yamanmnur/simple-dashboard/internal/middlewares/error_handler.go:38.9,38.52 1 0
yamanmnur/simple-dashboard/internal/middlewares/error_handler.go:38.52,41.4 2 0
yamanmnur/simple-dashboard/internal/middlewares/error_handler.go:41.9,44.4 2 0
yamanmnur/simple-dashboard/internal/middlewares/error_handler.go:46.3,54.47 2 0
yamanmnur/simple-dashboard/internal/middlewares/error_handler.go:57.2,57.12 1 0
yamanmnur/simple-dashboard/internal/middlewares/jwt_middlewares.go:9.40,14.22 4 0
yamanmnur/simple-dashboard/internal/middlewares/jwt_middlewares.go:14.22,18.3 1 0
yamanmnur/simple-dashboard/internal/middlewares/jwt_middlewares.go:20.2,22.76 2 0
yamanmnur/simple-dashboard/internal/middlewares/jwt_middlewares.go:22.76,23.54 1 0
yamanmnur/simple-dashboard/internal/middlewares/jwt_middlewares.go:23.54,25.4 1 0
yamanmnur/simple-dashboard/internal/middlewares/jwt_middlewares.go:26.3,26.28 1 0
yamanmnur/simple-dashboard/internal/middlewares/jwt_middlewares.go:29.2,29.32 1 0
yamanmnur/simple-dashboard/internal/middlewares/jwt_middlewares.go:29.32,33.3 1 0
yamanmnur/simple-dashboard/internal/middlewares/jwt_middlewares.go:34.2,37.17 3 0
yamanmnur/simple-dashboard/internal/dto/requests/auth_request.go:12.33,17.2 1 0
yamanmnur/simple-dashboard/internal/dto/requests/auth_request.go:25.36,30.2 1 0
yamanmnur/simple-dashboard/internal/dto/requests/customer_request.go:26.43,34.2 1 0
yamanmnur/simple-dashboard/main.go:21.13,32.16 7 0
yamanmnur/simple-dashboard/main.go:32.16,34.3 1 0
yamanmnur/simple-dashboard/main.go:36.2,46.37 6 0
yamanmnur/simple-dashboard/main.go:46.37,48.3 1 0
yamanmnur/simple-dashboard/main.go:50.2,54.42 3 0
yamanmnur/simple-dashboard/internal/injectors/auth_injector.go:9.69,12.2 2 0
yamanmnur/simple-dashboard/internal/injectors/customer_injector.go:10.73,14.2 3 0
yamanmnur/simple-dashboard/internal/injectors/dashboard_injector.go:10.74,14.2 3 0
yamanmnur/simple-dashboard/internal/injectors/main_injector.go:31.82,47.2 9 0
yamanmnur/simple-dashboard/internal/injectors/minio_injector.go:9.71,11.2 1 0
yamanmnur/simple-dashboard/internal/injectors/user_injector.go:9.69,12.2 2 0
yamanmnur/simple-dashboard/pkg/db/db.go:9.33,20.2 8 0
yamanmnur/simple-dashboard/pkg/db/dbhandler.go:13.51,15.2 1 0
yamanmnur/simple-dashboard/pkg/db/dbhandler.go:16.33,18.2 1 0
yamanmnur/simple-dashboard/pkg/requests/base_request.go:13.39,17.2 1 0
yamanmnur/simple-dashboard/pkg/data/base_data.go:11.36,13.2 1 0
yamanmnur/simple-dashboard/pkg/data/base_data.go:15.35,16.18 1 0
yamanmnur/simple-dashboard/pkg/data/base_data.go:16.18,18.3 1 0
yamanmnur/simple-dashboard/pkg/data/base_data.go:19.2,19.16 1 0
yamanmnur/simple-dashboard/pkg/data/base_data.go:22.34,23.17 1 0
yamanmnur/simple-dashboard/pkg/data/base_data.go:23.17,25.3 1 0
yamanmnur/simple-dashboard/pkg/data/base_data.go:26.2,26.15 1 0
yamanmnur/simple-dashboard/pkg/data/base_data.go:29.37,30.18 1 0
yamanmnur/simple-dashboard/pkg/data/base_data.go:30.18,32.3 1 0
yamanmnur/simple-dashboard/pkg/data/base_data.go:33.2,33.15 1 0
yamanmnur/simple-dashboard/pkg/data/base_data.go:50.48,52.2 1 0
yamanmnur/simple-dashboard/internal/repositories/customer_repository.go:27.91,35.16 2 0
yamanmnur/simple-dashboard/internal/repositories/customer_repository.go:35.16,37.3 1 0
yamanmnur/simple-dashboard/internal/repositories/customer_repository.go:39.2,39.12 1 0
yamanmnur/simple-dashboard/internal/repositories/customer_repository.go:42.82,52.2 3 0
yamanmnur/simple-dashboard/internal/repositories/customer_repository.go:54.79,56.68 1 0
yamanmnur/simple-dashboard/internal/repositories/customer_repository.go:56.68,58.3 1 0
yamanmnur/simple-dashboard/internal/repositories/customer_repository.go:60.2,60.12 1 0
yamanmnur/simple-dashboard/internal/repositories/customer_repository.go:63.104,71.25 7 0
yamanmnur/simple-dashboard/internal/repositories/customer_repository.go:71.25,73.3 1 0
yamanmnur/simple-dashboard/internal/repositories/customer_repository.go:75.2,75.30 1 0
yamanmnur/simple-dashboard/internal/repositories/customer_repository.go:75.30,77.3 1 0
yamanmnur/simple-dashboard/internal/repositories/customer_repository.go:79.2,79.22 1 0
yamanmnur/simple-dashboard/internal/repositories/customer_repository.go:82.109,85.26 2 0
yamanmnur/simple-dashboard/internal/repositories/customer_repository.go:85.26,87.3 1 0
yamanmnur/simple-dashboard/internal/repositories/customer_repository.go:89.2,89.29 1 0
yamanmnur/simple-dashboard/internal/repositories/customer_repository.go:89.29,91.3 1 0
yamanmnur/simple-dashboard/internal/repositories/customer_repository.go:93.2,93.30 1 0
yamanmnur/simple-dashboard/internal/repositories/customer_repository.go:93.30,95.3 1 0
yamanmnur/simple-dashboard/internal/repositories/customer_repository.go:97.2,97.36 1 0
yamanmnur/simple-dashboard/internal/repositories/customer_repository.go:97.36,99.3 1 0
yamanmnur/simple-dashboard/internal/repositories/customer_repository.go:101.2,101.32 1 0
yamanmnur/simple-dashboard/internal/repositories/customer_repository.go:101.32,103.3 1 0
yamanmnur/simple-dashboard/internal/repositories/customer_repository.go:105.2,105.30 1 0
yamanmnur/simple-dashboard/internal/repositories/customer_repository.go:105.30,107.3 1 0
yamanmnur/simple-dashboard/internal/repositories/customer_repository.go:109.2,110.25 2 0
yamanmnur/simple-dashboard/internal/repositories/customer_repository.go:110.25,112.3 1 0
yamanmnur/simple-dashboard/internal/repositories/customer_repository.go:114.2,114.30 1 0
yamanmnur/simple-dashboard/internal/repositories/customer_repository.go:114.30,116.3 1 0
yamanmnur/simple-dashboard/internal/repositories/customer_repository.go:118.2,118.22 1 0
yamanmnur/simple-dashboard/internal/repositories/customer_repository.go:121.61,123.30 2 0
yamanmnur/simple-dashboard/internal/repositories/customer_repository.go:123.30,125.3 1 0
yamanmnur/simple-dashboard/internal/repositories/customer_repository.go:126.2,126.12 1 0
yamanmnur/simple-dashboard/internal/repositories/customer_repository.go:128.154,156.30 6 0
yamanmnur/simple-dashboard/internal/repositories/customer_repository.go:156.30,165.3 2 0
yamanmnur/simple-dashboard/internal/repositories/customer_repository.go:167.2,167.65 1 0
yamanmnur/simple-dashboard/internal/repositories/customer_repository.go:167.65,170.3 2 0
yamanmnur/simple-dashboard/internal/repositories/customer_repository.go:172.2,172.73 1 0
yamanmnur/simple-dashboard/internal/repositories/customer_repository.go:172.73,174.3 1 0
yamanmnur/simple-dashboard/internal/repositories/customer_repository.go:176.2,176.147 1 0
yamanmnur/simple-dashboard/internal/repositories/customer_repository.go:176.147,178.3 1 0
yamanmnur/simple-dashboard/internal/repositories/customer_repository.go:180.2,185.23 5 0
yamanmnur/simple-dashboard/internal/repositories/dashboard_repository.go:18.88,30.2 3 0
yamanmnur/simple-dashboard/internal/repositories/dashboard_repository.go:32.79,51.2 3 0
yamanmnur/simple-dashboard/internal/repositories/dashboard_repository.go:53.98,83.2 3 0
yamanmnur/simple-dashboard/internal/repositories/user_repository.go:23.74,28.2 3 0
yamanmnur/simple-dashboard/internal/repositories/user_repository.go:30.88,34.25 3 0
yamanmnur/simple-dashboard/internal/repositories/user_repository.go:34.25,36.3 1 0
yamanmnur/simple-dashboard/internal/repositories/user_repository.go:37.2,37.30 1 0
yamanmnur/simple-dashboard/internal/repositories/user_repository.go:37.30,39.3 1 0
yamanmnur/simple-dashboard/internal/repositories/user_repository.go:40.2,40.18 1 0
yamanmnur/simple-dashboard/internal/repositories/user_repository.go:43.87,50.25 6 0
yamanmnur/simple-dashboard/internal/repositories/user_repository.go:50.25,52.3 1 0
yamanmnur/simple-dashboard/internal/repositories/user_repository.go:54.2,54.30 1 0
yamanmnur/simple-dashboard/internal/repositories/user_repository.go:54.30,56.3 1 0
yamanmnur/simple-dashboard/internal/repositories/user_repository.go:58.2,58.18 1 0
yamanmnur/simple-dashboard/internal/repositories/user_repository.go:61.87,68.94 5 0
yamanmnur/simple-dashboard/internal/repositories/user_repository.go:68.94,70.3 1 0
yamanmnur/simple-dashboard/internal/repositories/user_repository.go:72.2,72.18 1 0
yamanmnur/simple-dashboard/internal/handlers/auth_controller.go:20.54,23.53 2 0
yamanmnur/simple-dashboard/internal/handlers/auth_controller.go:23.53,26.3 1 0
yamanmnur/simple-dashboard/internal/handlers/auth_controller.go:28.2,28.47 1 0
yamanmnur/simple-dashboard/internal/handlers/auth_controller.go:28.47,30.3 1 0
yamanmnur/simple-dashboard/internal/handlers/auth_controller.go:32.2,34.16 2 0
yamanmnur/simple-dashboard/internal/handlers/auth_controller.go:34.16,36.3 1 0
yamanmnur/simple-dashboard/internal/handlers/auth_controller.go:38.2,48.12 3 0
yamanmnur/simple-dashboard/internal/handlers/auth_controller.go:51.56,55.20 2 0
yamanmnur/simple-dashboard/internal/handlers/auth_controller.go:55.20,57.3 1 0
yamanmnur/simple-dashboard/internal/handlers/auth_controller.go:59.2,61.16 2 0
yamanmnur/simple-dashboard/internal/handlers/auth_controller.go:61.16,63.3 1 0
yamanmnur/simple-dashboard/internal/handlers/auth_controller.go:65.2,67.16 2 0
yamanmnur/simple-dashboard/internal/handlers/auth_controller.go:67.16,69.3 1 0
yamanmnur/simple-dashboard/internal/handlers/auth_controller.go:71.2,81.12 3 0
yamanmnur/simple-dashboard/internal/handlers/customer_controller.go:21.38,23.43 2 0
yamanmnur/simple-dashboard/internal/handlers/customer_controller.go:23.43,25.3 1 0
yamanmnur/simple-dashboard/internal/handlers/customer_controller.go:26.2,26.53 1 0
yamanmnur/simple-dashboard/internal/handlers/customer_controller.go:29.68,33.16 3 0
yamanmnur/simple-dashboard/internal/handlers/customer_controller.go:33.16,35.3 1 0
yamanmnur/simple-dashboard/internal/handlers/customer_controller.go:37.2,38.16 2 0
yamanmnur/simple-dashboard/internal/handlers/customer_controller.go:38.16,40.3 1 0
yamanmnur/simple-dashboard/internal/handlers/customer_controller.go:42.2,52.12 3 0
yamanmnur/simple-dashboard/internal/handlers/customer_controller.go:55.79,58.54 2 0
yamanmnur/simple-dashboard/internal/handlers/customer_controller.go:58.54,62.3 1 0
yamanmnur/simple-dashboard/internal/handlers/customer_controller.go:64.2,64.47 1 0
yamanmnur/simple-dashboard/internal/handlers/customer_controller.go:64.47,66.3 1 0
yamanmnur/simple-dashboard/internal/handlers/customer_controller.go:68.2,69.16 2 0
yamanmnur/simple-dashboard/internal/handlers/customer_controller.go:69.16,79.3 3 0
yamanmnur/simple-dashboard/internal/handlers/customer_controller.go:81.2,97.12 3 0
yamanmnur/simple-dashboard/internal/handlers/customer_controller.go:100.72,103.53 2 0
yamanmnur/simple-dashboard/internal/handlers/customer_controller.go:103.53,105.3 1 0
yamanmnur/simple-dashboard/internal/handlers/customer_controller.go:107.2,108.16 2 0
yamanmnur/simple-dashboard/internal/handlers/customer_controller.go:108.16,110.3 1 0
yamanmnur/simple-dashboard/internal/handlers/customer_controller.go:112.2,122.12 3 0
yamanmnur/simple-dashboard/internal/handlers/customer_controller.go:125.72,128.16 2 0
yamanmnur/simple-dashboard/internal/handlers/customer_controller.go:128.16,130.3 1 0
yamanmnur/simple-dashboard/internal/handlers/customer_controller.go:132.2,133.16 2 0
yamanmnur/simple-dashboard/internal/handlers/customer_controller.go:133.16,135.3 1 0
yamanmnur/simple-dashboard/internal/handlers/customer_controller.go:137.2,147.12 3 0
yamanmnur/simple-dashboard/internal/handlers/customer_controller.go:150.69,154.16 3 0
yamanmnur/simple-dashboard/internal/handlers/customer_controller.go:154.16,156.3 1 0
yamanmnur/simple-dashboard/internal/handlers/customer_controller.go:158.2,161.12 3 0
yamanmnur/simple-dashboard/internal/handlers/customer_controller.go:164.59,166.53 2 0
yamanmnur/simple-dashboard/internal/handlers/customer_controller.go:166.53,168.3 1 0
yamanmnur/simple-dashboard/internal/handlers/customer_controller.go:170.2,170.47 1 0
yamanmnur/simple-dashboard/internal/handlers/customer_controller.go:170.47,172.3 1 0
yamanmnur/simple-dashboard/internal/handlers/customer_controller.go:174.2,176.16 2 0
yamanmnur/simple-dashboard/internal/handlers/customer_controller.go:176.16,178.3 1 0
yamanmnur/simple-dashboard/internal/handlers/customer_controller.go:180.2,190.12 3 0
yamanmnur/simple-dashboard/internal/handlers/dashboard_controller.go:15.66,18.16 2 0
yamanmnur/simple-dashboard/internal/handlers/dashboard_controller.go:18.16,20.3 1 0
yamanmnur/simple-dashboard/internal/handlers/dashboard_controller.go:22.2,32.12 3 0
yamanmnur/simple-dashboard/internal/services/auth_service.go:23.52,25.16 2 0
yamanmnur/simple-dashboard/internal/services/auth_service.go:25.16,27.3 1 0
yamanmnur/simple-dashboard/internal/services/auth_service.go:28.2,28.26 1 0
yamanmnur/simple-dashboard/internal/services/auth_service.go:31.63,34.2 2 0
yamanmnur/simple-dashboard/internal/services/auth_service.go:40.74,56.2 8 0
yamanmnur/simple-dashboard/internal/services/auth_service.go:58.89,68.16 3 0
yamanmnur/simple-dashboard/internal/services/auth_service.go:68.16,70.3 1 0
yamanmnur/simple-dashboard/internal/services/auth_service.go:72.2,81.8 2 0
yamanmnur/simple-dashboard/internal/services/auth_service.go:84.83,87.16 2 0
yamanmnur/simple-dashboard/internal/services/auth_service.go:87.16,89.3 1 0
yamanmnur/simple-dashboard/internal/services/auth_service.go:91.2,91.56 1 0
yamanmnur/simple-dashboard/internal/services/auth_service.go:91.56,93.3 1 0
yamanmnur/simple-dashboard/internal/services/auth_service.go:95.2,103.8 2 0
yamanmnur/simple-dashboard/internal/services/auth_service.go:106.80,109.16 2 0
yamanmnur/simple-dashboard/internal/services/auth_service.go:109.16,111.3 1 0
yamanmnur/simple-dashboard/internal/services/auth_service.go:113.2,117.8 1 0
yamanmnur/simple-dashboard/internal/services/customer_service.go:35.82,40.16 4 0
yamanmnur/simple-dashboard/internal/services/customer_service.go:40.16,42.3 1 0
yamanmnur/simple-dashboard/internal/services/customer_service.go:44.2,66.42 22 0
yamanmnur/simple-dashboard/internal/services/customer_service.go:66.42,74.3 3 0
yamanmnur/simple-dashboard/internal/services/customer_service.go:76.2,98.43 10 0
yamanmnur/simple-dashboard/internal/services/customer_service.go:98.43,116.3 2 0
yamanmnur/simple-dashboard/internal/services/customer_service.go:118.2,122.20 4 0
yamanmnur/simple-dashboard/internal/services/customer_service.go:125.78,129.16 3 0
yamanmnur/simple-dashboard/internal/services/customer_service.go:129.16,131.3 1 0
yamanmnur/simple-dashboard/internal/services/customer_service.go:133.2,141.20 8 0
yamanmnur/simple-dashboard/internal/services/customer_service.go:144.108,176.16 3 0
yamanmnur/simple-dashboard/internal/services/customer_service.go:176.16,178.3 1 0
yamanmnur/simple-dashboard/internal/services/customer_service.go:180.2,181.28 2 0
yamanmnur/simple-dashboard/internal/services/customer_service.go:184.95,187.16 3 0
yamanmnur/simple-dashboard/internal/services/customer_service.go:187.16,189.3 1 0
yamanmnur/simple-dashboard/internal/services/customer_service.go:191.2,197.20 6 0
yamanmnur/simple-dashboard/internal/services/customer_service.go:200.120,208.16 6 0
yamanmnur/simple-dashboard/internal/services/customer_service.go:208.16,210.3 1 0
yamanmnur/simple-dashboard/internal/services/customer_service.go:212.2,220.20 7 0
yamanmnur/simple-dashboard/internal/services/customer_service.go:223.113,226.16 2 0
yamanmnur/simple-dashboard/internal/services/customer_service.go:226.16,228.3 1 0
yamanmnur/simple-dashboard/internal/services/customer_service.go:229.2,232.55 3 0
yamanmnur/simple-dashboard/internal/services/customer_service.go:232.55,234.3 1 0
yamanmnur/simple-dashboard/internal/services/customer_service.go:236.2,237.16 2 0
yamanmnur/simple-dashboard/internal/services/customer_service.go:237.16,239.3 1 0
yamanmnur/simple-dashboard/internal/services/customer_service.go:240.2,242.16 2 0
yamanmnur/simple-dashboard/internal/services/customer_service.go:242.16,244.3 1 0
yamanmnur/simple-dashboard/internal/services/customer_service.go:246.2,248.26 2 0
yamanmnur/simple-dashboard/internal/services/customer_service.go:251.83,255.2 2 0
yamanmnur/simple-dashboard/internal/services/customer_service.go:257.55,259.16 2 0
yamanmnur/simple-dashboard/internal/services/customer_service.go:259.16,262.3 1 0
yamanmnur/simple-dashboard/internal/services/customer_service.go:264.2,264.12 1 0
yamanmnur/simple-dashboard/internal/services/customer_service.go:266.153,269.16 2 0
yamanmnur/simple-dashboard/internal/services/customer_service.go:269.16,271.3 1 0
yamanmnur/simple-dashboard/internal/services/customer_service.go:273.2,284.22 2 0
yamanmnur/simple-dashboard/internal/services/dashboard_service.go:17.77,19.16 2 0
yamanmnur/simple-dashboard/internal/services/dashboard_service.go:19.16,21.3 1 0
yamanmnur/simple-dashboard/internal/services/dashboard_service.go:23.2,30.32 6 0
yamanmnur/simple-dashboard/internal/services/dashboard_service.go:30.32,34.3 2 0
yamanmnur/simple-dashboard/internal/services/dashboard_service.go:35.2,35.16 1 0
yamanmnur/simple-dashboard/internal/services/dashboard_service.go:35.16,37.3 1 0
yamanmnur/simple-dashboard/internal/services/dashboard_service.go:39.2,40.16 2 0
yamanmnur/simple-dashboard/internal/services/dashboard_service.go:40.16,42.3 1 0
yamanmnur/simple-dashboard/internal/services/dashboard_service.go:44.2,48.8 1 0
yamanmnur/simple-dashboard/internal/services/user_service.go:20.70,25.16 3 0
yamanmnur/simple-dashboard/internal/services/user_service.go:25.16,27.3 1 0
yamanmnur/simple-dashboard/internal/services/user_service.go:29.2,34.20 5 0
yamanmnur/simple-dashboard/internal/services/user_service.go:37.84,42.16 3 0
yamanmnur/simple-dashboard/internal/services/user_service.go:42.16,44.3 1 0
yamanmnur/simple-dashboard/internal/services/user_service.go:46.2,51.20 5 0
yamanmnur/simple-dashboard/internal/services/user_service.go:54.83,59.16 3 0
yamanmnur/simple-dashboard/internal/services/user_service.go:59.16,61.3 1 0
yamanmnur/simple-dashboard/internal/services/user_service.go:63.2,68.20 5 0
yamanmnur/simple-dashboard/internal/services/user_service.go:71.83,76.16 3 0
yamanmnur/simple-dashboard/internal/services/user_service.go:76.16,78.3 1 0
yamanmnur/simple-dashboard/internal/services/user_service.go:80.2,85.20 5 0
yamanmnur/simple-dashboard/pkg/util/bank_data_generate.go:9.27,11.2 1 0
yamanmnur/simple-dashboard/pkg/util/bank_data_generate.go:13.37,18.2 3 0
yamanmnur/simple-dashboard/pkg/util/bank_data_generate.go:20.38,24.2 3 0
yamanmnur/simple-dashboard/pkg/util/bank_data_generate.go:26.34,28.25 2 0
yamanmnur/simple-dashboard/pkg/util/bank_data_generate.go:28.25,30.12 2 0
yamanmnur/simple-dashboard/pkg/util/bank_data_generate.go:30.12,32.4 1 0
yamanmnur/simple-dashboard/pkg/util/bank_data_generate.go:33.3,33.21 1 0
yamanmnur/simple-dashboard/pkg/util/bank_data_generate.go:35.2,35.19 1 0
yamanmnur/simple-dashboard/pkg/util/format_currency.go:8.56,10.16 2 0
yamanmnur/simple-dashboard/pkg/util/format_currency.go:10.16,12.3 1 0
yamanmnur/simple-dashboard/pkg/util/format_currency.go:14.2,18.27 3 0
yamanmnur/simple-dashboard/pkg/util/format_currency.go:21.45,26.26 4 0
yamanmnur/simple-dashboard/pkg/util/format_currency.go:26.26,27.34 1 0
yamanmnur/simple-dashboard/pkg/util/format_currency.go:27.34,29.4 1 0
yamanmnur/simple-dashboard/pkg/util/format_currency.go:30.3,30.26 1 0
yamanmnur/simple-dashboard/pkg/util/format_currency.go:32.2,32.24 1 0
yamanmnur/simple-dashboard/pkg/util/minio_client.go:23.32,34.16 6 0
yamanmnur/simple-dashboard/pkg/util/minio_client.go:34.16,36.3 1 0
yamanmnur/simple-dashboard/pkg/util/minio_client.go:37.2,37.20 1 0
yamanmnur/simple-dashboard/pkg/util/minio_client.go:40.63,43.16 3 0
yamanmnur/simple-dashboard/pkg/util/minio_client.go:43.16,45.3 1 0
yamanmnur/simple-dashboard/pkg/util/minio_client.go:46.2,46.13 1 0
yamanmnur/simple-dashboard/pkg/util/minio_client.go:46.13,48.3 1 0
yamanmnur/simple-dashboard/pkg/util/minio_client.go:49.2,49.12 1 0
yamanmnur/simple-dashboard/pkg/util/minio_client.go:52.87,58.2 4 0
yamanmnur/simple-dashboard/pkg/util/minio_client.go:60.84,63.16 3 0
yamanmnur/simple-dashboard/pkg/util/minio_client.go:63.16,65.3 1 0
yamanmnur/simple-dashboard/pkg/util/minio_client.go:66.2,70.16 4 0
yamanmnur/simple-dashboard/pkg/util/minio_client.go:70.16,72.3 1 0
yamanmnur/simple-dashboard/pkg/util/minio_client.go:74.2,74.25 1 0
yamanmnur/simple-dashboard/seeder/bank_account_seeder.go:8.26,113.36 3 0
yamanmnur/simple-dashboard/seeder/bank_account_seeder.go:113.36,115.3 1 0
yamanmnur/simple-dashboard/seeder/customer_seeder.go:8.23,23.37 3 0
yamanmnur/simple-dashboard/seeder/customer_seeder.go:23.37,25.3 1 0
yamanmnur/simple-dashboard/seeder/main_seeder.go:3.17,10.2 6 0
yamanmnur/simple-dashboard/seeder/pocket_seeder.go:8.21,76.16 5 0
yamanmnur/simple-dashboard/seeder/pocket_seeder.go:76.16,77.32 1 0
yamanmnur/simple-dashboard/seeder/pocket_seeder.go:77.32,79.4 1 0
yamanmnur/simple-dashboard/seeder/term_deposit_types_seeder.go:8.31,124.16 5 0
yamanmnur/simple-dashboard/seeder/term_deposit_types_seeder.go:124.16,125.42 1 0
yamanmnur/simple-dashboard/seeder/term_deposit_types_seeder.go:125.42,127.4 1 0
yamanmnur/simple-dashboard/seeder/term_deposite_seeder.go:8.26,127.16 7 0
yamanmnur/simple-dashboard/seeder/term_deposite_seeder.go:127.16,128.37 1 0
yamanmnur/simple-dashboard/seeder/term_deposite_seeder.go:128.37,130.4 1 0
yamanmnur/simple-dashboard/seeder/user_seeder.go:9.19,15.29 4 0
yamanmnur/simple-dashboard/seeder/user_seeder.go:15.29,17.3 1 0
yamanmnur/simple-dashboard/pkg/responses/base_response.go:26.73,30.2 1 0
yamanmnur/simple-dashboard/pkg/responses/base_response.go:32.63,34.2 1 0
yamanmnur/simple-dashboard/pkg/responses/base_response.go:36.71,38.2 1 0
yamanmnur/simple-dashboard/pkg/responses/base_response.go:40.45,42.2 1 0
yamanmnur/simple-dashboard/pkg/responses/base_response.go:44.49,46.2 1 0
yamanmnur/simple-dashboard/routes/auth_routes.go:10.74,15.2 4 0
yamanmnur/simple-dashboard/routes/customer_routes.go:10.81,23.2 10 0
yamanmnur/simple-dashboard/routes/dashboard_routes.go:9.84,12.2 2 0
yamanmnur/simple-dashboard/main.go:21.13,32.16 7 0
yamanmnur/simple-dashboard/main.go:32.16,34.3 1 0
yamanmnur/simple-dashboard/main.go:36.2,46.37 6 0
yamanmnur/simple-dashboard/main.go:46.37,48.3 1 0
yamanmnur/simple-dashboard/main.go:50.2,54.42 3 0
yamanmnur/simple-dashboard/internal/dto/requests/auth_request.go:12.33,17.2 1 0
yamanmnur/simple-dashboard/internal/dto/requests/auth_request.go:25.36,30.2 1 0
yamanmnur/simple-dashboard/internal/dto/requests/customer_request.go:26.43,34.2 1 0
yamanmnur/simple-dashboard/internal/handlers/auth_controller.go:20.54,23.53 2 0
yamanmnur/simple-dashboard/internal/handlers/auth_controller.go:23.53,26.3 1 0
yamanmnur/simple-dashboard/internal/handlers/auth_controller.go:28.2,28.47 1 0
yamanmnur/simple-dashboard/internal/handlers/auth_controller.go:28.47,30.3 1 0
yamanmnur/simple-dashboard/internal/handlers/auth_controller.go:32.2,34.16 2 0
yamanmnur/simple-dashboard/internal/handlers/auth_controller.go:34.16,36.3 1 0
yamanmnur/simple-dashboard/internal/handlers/auth_controller.go:38.2,48.12 3 0
yamanmnur/simple-dashboard/internal/handlers/auth_controller.go:51.56,55.20 2 0
yamanmnur/simple-dashboard/internal/handlers/auth_controller.go:55.20,57.3 1 0
yamanmnur/simple-dashboard/internal/handlers/auth_controller.go:59.2,61.16 2 0
yamanmnur/simple-dashboard/internal/handlers/auth_controller.go:61.16,63.3 1 0
yamanmnur/simple-dashboard/internal/handlers/auth_controller.go:65.2,67.16 2 0
yamanmnur/simple-dashboard/internal/handlers/auth_controller.go:67.16,69.3 1 0
yamanmnur/simple-dashboard/internal/handlers/auth_controller.go:71.2,81.12 3 0
yamanmnur/simple-dashboard/internal/handlers/customer_controller.go:21.38,23.43 2 0
yamanmnur/simple-dashboard/internal/handlers/customer_controller.go:23.43,25.3 1 0
yamanmnur/simple-dashboard/internal/handlers/customer_controller.go:26.2,26.53 1 0
yamanmnur/simple-dashboard/internal/handlers/customer_controller.go:29.68,33.16 3 0
yamanmnur/simple-dashboard/internal/handlers/customer_controller.go:33.16,35.3 1 0
yamanmnur/simple-dashboard/internal/handlers/customer_controller.go:37.2,38.16 2 0
yamanmnur/simple-dashboard/internal/handlers/customer_controller.go:38.16,40.3 1 0
yamanmnur/simple-dashboard/internal/handlers/customer_controller.go:42.2,52.12 3 0
yamanmnur/simple-dashboard/internal/handlers/customer_controller.go:55.79,58.54 2 0
yamanmnur/simple-dashboard/internal/handlers/customer_controller.go:58.54,62.3 1 0
yamanmnur/simple-dashboard/internal/handlers/customer_controller.go:64.2,64.47 1 0
yamanmnur/simple-dashboard/internal/handlers/customer_controller.go:64.47,66.3 1 0
yamanmnur/simple-dashboard/internal/handlers/customer_controller.go:68.2,69.16 2 0
yamanmnur/simple-dashboard/internal/handlers/customer_controller.go:69.16,79.3 3 0
yamanmnur/simple-dashboard/internal/handlers/customer_controller.go:81.2,97.12 3 0
yamanmnur/simple-dashboard/internal/handlers/customer_controller.go:100.72,103.53 2 0
yamanmnur/simple-dashboard/internal/handlers/customer_controller.go:103.53,105.3 1 0
yamanmnur/simple-dashboard/internal/handlers/customer_controller.go:107.2,108.16 2 0
yamanmnur/simple-dashboard/internal/handlers/customer_controller.go:108.16,110.3 1 0
yamanmnur/simple-dashboard/internal/handlers/customer_controller.go:112.2,122.12 3 0
yamanmnur/simple-dashboard/internal/handlers/customer_controller.go:125.72,128.16 2 0
yamanmnur/simple-dashboard/internal/handlers/customer_controller.go:128.16,130.3 1 0
yamanmnur/simple-dashboard/internal/handlers/customer_controller.go:132.2,133.16 2 0
yamanmnur/simple-dashboard/internal/handlers/customer_controller.go:133.16,135.3 1 0
yamanmnur/simple-dashboard/internal/handlers/customer_controller.go:137.2,147.12 3 0
yamanmnur/simple-dashboard/internal/handlers/customer_controller.go:150.69,154.16 3 0
yamanmnur/simple-dashboard/internal/handlers/customer_controller.go:154.16,156.3 1 0
yamanmnur/simple-dashboard/internal/handlers/customer_controller.go:158.2,161.12 3 0
yamanmnur/simple-dashboard/internal/handlers/customer_controller.go:164.59,166.53 2 0
yamanmnur/simple-dashboard/internal/handlers/customer_controller.go:166.53,168.3 1 0
yamanmnur/simple-dashboard/internal/handlers/customer_controller.go:170.2,170.47 1 0
yamanmnur/simple-dashboard/internal/handlers/customer_controller.go:170.47,172.3 1 0
yamanmnur/simple-dashboard/internal/handlers/customer_controller.go:174.2,176.16 2 0
yamanmnur/simple-dashboard/internal/handlers/customer_controller.go:176.16,178.3 1 0
yamanmnur/simple-dashboard/internal/handlers/customer_controller.go:180.2,190.12 3 0
yamanmnur/simple-dashboard/internal/handlers/dashboard_controller.go:15.66,18.16 2 0
yamanmnur/simple-dashboard/internal/handlers/dashboard_controller.go:18.16,20.3 1 0
yamanmnur/simple-dashboard/internal/handlers/dashboard_controller.go:22.2,32.12 3 0
yamanmnur/simple-dashboard/internal/injectors/auth_injector.go:9.69,12.2 2 0
yamanmnur/simple-dashboard/internal/injectors/customer_injector.go:10.73,14.2 3 0
yamanmnur/simple-dashboard/internal/injectors/dashboard_injector.go:10.74,14.2 3 0
yamanmnur/simple-dashboard/internal/injectors/main_injector.go:31.82,47.2 9 0
yamanmnur/simple-dashboard/internal/injectors/minio_injector.go:9.71,11.2 1 0
yamanmnur/simple-dashboard/internal/injectors/user_injector.go:9.69,12.2 2 0
yamanmnur/simple-dashboard/internal/middlewares/error_handler.go:13.52,14.16 1 0
yamanmnur/simple-dashboard/internal/middlewares/error_handler.go:14.16,23.45 8 0
yamanmnur/simple-dashboard/internal/middlewares/error_handler.go:23.45,26.4 2 0
yamanmnur/simple-dashboard/internal/middlewares/error_handler.go:26.9,26.53 1 0
yamanmnur/simple-dashboard/internal/middlewares/error_handler.go:26.53,29.4 2 0
yamanmnur/simple-dashboard/internal/middlewares/error_handler.go:29.9,29.50 1 0
yamanmnur/simple-dashboard/internal/middlewares/error_handler.go:29.50,32.4 2 0
yamanmnur/simple-dashboard/internal/middlewares/error_handler.go:32.9,32.50 1 0
yamanmnur/simple-dashboard/internal/middlewares/error_handler.go:32.50,35.4 2 0
yamanmnur/simple-dashboard/internal/middlewares/error_handler.go:35.9,35.51 1 0
yamanmnur/simple-dashboard/internal/middlewares/error_handler.go:35.51,38.4 2 0
yamanmnur/simple-dashboard/internal/middlewares/error_handler.go:38.9,38.52 1 0
yamanmnur/simple-dashboard/internal/middlewares/error_handler.go:38.52,41.4 2 0
yamanmnur/simple-dashboard/internal/middlewares/error_handler.go:41.9,44.4 2 0
yamanmnur/simple-dashboard/internal/middlewares/error_handler.go:46.3,54.47 2 0
yamanmnur/simple-dashboard/internal/middlewares/error_handler.go:57.2,57.12 1 0
yamanmnur/simple-dashboard/internal/middlewares/jwt_middlewares.go:9.40,14.22 4 0
yamanmnur/simple-dashboard/internal/middlewares/jwt_middlewares.go:14.22,18.3 1 0
yamanmnur/simple-dashboard/internal/middlewares/jwt_middlewares.go:20.2,22.76 2 0
yamanmnur/simple-dashboard/internal/middlewares/jwt_middlewares.go:22.76,23.54 1 0
yamanmnur/simple-dashboard/internal/middlewares/jwt_middlewares.go:23.54,25.4 1 0
yamanmnur/simple-dashboard/internal/middlewares/jwt_middlewares.go:26.3,26.28 1 0
yamanmnur/simple-dashboard/internal/middlewares/jwt_middlewares.go:29.2,29.32 1 0
yamanmnur/simple-dashboard/internal/middlewares/jwt_middlewares.go:29.32,33.3 1 0
yamanmnur/simple-dashboard/internal/middlewares/jwt_middlewares.go:34.2,37.17 3 0
yamanmnur/simple-dashboard/internal/repositories/customer_repository.go:27.91,35.16 2 0
yamanmnur/simple-dashboard/internal/repositories/customer_repository.go:35.16,37.3 1 0
yamanmnur/simple-dashboard/internal/repositories/customer_repository.go:39.2,39.12 1 0
yamanmnur/simple-dashboard/internal/repositories/customer_repository.go:42.82,52.2 3 0
yamanmnur/simple-dashboard/internal/repositories/customer_repository.go:54.79,56.68 1 0
yamanmnur/simple-dashboard/internal/repositories/customer_repository.go:56.68,58.3 1 0
yamanmnur/simple-dashboard/internal/repositories/customer_repository.go:60.2,60.12 1 0
yamanmnur/simple-dashboard/internal/repositories/customer_repository.go:63.104,71.25 7 0
yamanmnur/simple-dashboard/internal/repositories/customer_repository.go:71.25,73.3 1 0
yamanmnur/simple-dashboard/internal/repositories/customer_repository.go:75.2,75.30 1 0
yamanmnur/simple-dashboard/internal/repositories/customer_repository.go:75.30,77.3 1 0
yamanmnur/simple-dashboard/internal/repositories/customer_repository.go:79.2,79.22 1 0
yamanmnur/simple-dashboard/internal/repositories/customer_repository.go:82.109,85.26 2 0
yamanmnur/simple-dashboard/internal/repositories/customer_repository.go:85.26,87.3 1 0
yamanmnur/simple-dashboard/internal/repositories/customer_repository.go:89.2,89.29 1 0
yamanmnur/simple-dashboard/internal/repositories/customer_repository.go:89.29,91.3 1 0
yamanmnur/simple-dashboard/internal/repositories/customer_repository.go:93.2,93.30 1 0
yamanmnur/simple-dashboard/internal/repositories/customer_repository.go:93.30,95.3 1 0
yamanmnur/simple-dashboard/internal/repositories/customer_repository.go:97.2,97.36 1 0
yamanmnur/simple-dashboard/internal/repositories/customer_repository.go:97.36,99.3 1 0
yamanmnur/simple-dashboard/internal/repositories/customer_repository.go:101.2,101.32 1 0
yamanmnur/simple-dashboard/internal/repositories/customer_repository.go:101.32,103.3 1 0
yamanmnur/simple-dashboard/internal/repositories/customer_repository.go:105.2,105.30 1 0
yamanmnur/simple-dashboard/internal/repositories/customer_repository.go:105.30,107.3 1 0
yamanmnur/simple-dashboard/internal/repositories/customer_repository.go:109.2,110.25 2 0
yamanmnur/simple-dashboard/internal/repositories/customer_repository.go:110.25,112.3 1 0
yamanmnur/simple-dashboard/internal/repositories/customer_repository.go:114.2,114.30 1 0
yamanmnur/simple-dashboard/internal/repositories/customer_repository.go:114.30,116.3 1 0
yamanmnur/simple-dashboard/internal/repositories/customer_repository.go:118.2,118.22 1 0
yamanmnur/simple-dashboard/internal/repositories/customer_repository.go:121.61,123.30 2 0
yamanmnur/simple-dashboard/internal/repositories/customer_repository.go:123.30,125.3 1 0
yamanmnur/simple-dashboard/internal/repositories/customer_repository.go:126.2,126.12 1 0
yamanmnur/simple-dashboard/internal/repositories/customer_repository.go:128.154,156.30 6 0
yamanmnur/simple-dashboard/internal/repositories/customer_repository.go:156.30,165.3 2 0
yamanmnur/simple-dashboard/internal/repositories/customer_repository.go:167.2,167.65 1 0
yamanmnur/simple-dashboard/internal/repositories/customer_repository.go:167.65,170.3 2 0
yamanmnur/simple-dashboard/internal/repositories/customer_repository.go:172.2,172.73 1 0
yamanmnur/simple-dashboard/internal/repositories/customer_repository.go:172.73,174.3 1 0
yamanmnur/simple-dashboard/internal/repositories/customer_repository.go:176.2,176.147 1 0
yamanmnur/simple-dashboard/internal/repositories/customer_repository.go:176.147,178.3 1 0
yamanmnur/simple-dashboard/internal/repositories/customer_repository.go:180.2,185.23 5 0
yamanmnur/simple-dashboard/internal/repositories/dashboard_repository.go:18.88,30.2 3 0
yamanmnur/simple-dashboard/internal/repositories/dashboard_repository.go:32.79,51.2 3 0
yamanmnur/simple-dashboard/internal/repositories/dashboard_repository.go:53.98,83.2 3 0
yamanmnur/simple-dashboard/internal/repositories/user_repository.go:23.74,28.2 3 0
yamanmnur/simple-dashboard/internal/repositories/user_repository.go:30.88,34.25 3 0
yamanmnur/simple-dashboard/internal/repositories/user_repository.go:34.25,36.3 1 0
yamanmnur/simple-dashboard/internal/repositories/user_repository.go:37.2,37.30 1 0
yamanmnur/simple-dashboard/internal/repositories/user_repository.go:37.30,39.3 1 0
yamanmnur/simple-dashboard/internal/repositories/user_repository.go:40.2,40.18 1 0
yamanmnur/simple-dashboard/internal/repositories/user_repository.go:43.87,50.25 6 0
yamanmnur/simple-dashboard/internal/repositories/user_repository.go:50.25,52.3 1 0
yamanmnur/simple-dashboard/internal/repositories/user_repository.go:54.2,54.30 1 0
yamanmnur/simple-dashboard/internal/repositories/user_repository.go:54.30,56.3 1 0
yamanmnur/simple-dashboard/internal/repositories/user_repository.go:58.2,58.18 1 0
yamanmnur/simple-dashboard/internal/repositories/user_repository.go:61.87,68.94 5 0
yamanmnur/simple-dashboard/internal/repositories/user_repository.go:68.94,70.3 1 0
yamanmnur/simple-dashboard/internal/repositories/user_repository.go:72.2,72.18 1 0
yamanmnur/simple-dashboard/internal/services/auth_service.go:23.52,25.16 2 0
yamanmnur/simple-dashboard/internal/services/auth_service.go:25.16,27.3 1 0
yamanmnur/simple-dashboard/internal/services/auth_service.go:28.2,28.26 1 0
yamanmnur/simple-dashboard/internal/services/auth_service.go:31.63,34.2 2 0
yamanmnur/simple-dashboard/internal/services/auth_service.go:40.74,56.2 8 0
yamanmnur/simple-dashboard/internal/services/auth_service.go:58.89,68.16 3 0
yamanmnur/simple-dashboard/internal/services/auth_service.go:68.16,70.3 1 0
yamanmnur/simple-dashboard/internal/services/auth_service.go:72.2,81.8 2 0
yamanmnur/simple-dashboard/internal/services/auth_service.go:84.83,87.16 2 0
yamanmnur/simple-dashboard/internal/services/auth_service.go:87.16,89.3 1 0
yamanmnur/simple-dashboard/internal/services/auth_service.go:91.2,91.56 1 0
yamanmnur/simple-dashboard/internal/services/auth_service.go:91.56,93.3 1 0
yamanmnur/simple-dashboard/internal/services/auth_service.go:95.2,103.8 2 0
yamanmnur/simple-dashboard/internal/services/auth_service.go:106.80,109.16 2 0
yamanmnur/simple-dashboard/internal/services/auth_service.go:109.16,111.3 1 0
yamanmnur/simple-dashboard/internal/services/auth_service.go:113.2,117.8 1 0
yamanmnur/simple-dashboard/internal/services/customer_service.go:35.82,40.16 4 0
yamanmnur/simple-dashboard/internal/services/customer_service.go:40.16,42.3 1 0
yamanmnur/simple-dashboard/internal/services/customer_service.go:44.2,66.42 22 0
yamanmnur/simple-dashboard/internal/services/customer_service.go:66.42,74.3 3 0
yamanmnur/simple-dashboard/internal/services/customer_service.go:76.2,98.43 10 0
yamanmnur/simple-dashboard/internal/services/customer_service.go:98.43,116.3 2 0
yamanmnur/simple-dashboard/internal/services/customer_service.go:118.2,122.20 4 0
yamanmnur/simple-dashboard/internal/services/customer_service.go:125.78,129.16 3 0
yamanmnur/simple-dashboard/internal/services/customer_service.go:129.16,131.3 1 0
yamanmnur/simple-dashboard/internal/services/customer_service.go:133.2,141.20 8 0
yamanmnur/simple-dashboard/internal/services/customer_service.go:144.108,176.16 3 0
yamanmnur/simple-dashboard/internal/services/customer_service.go:176.16,178.3 1 0
yamanmnur/simple-dashboard/internal/services/customer_service.go:180.2,181.28 2 0
yamanmnur/simple-dashboard/internal/services/customer_service.go:184.95,187.16 3 0
yamanmnur/simple-dashboard/internal/services/customer_service.go:187.16,189.3 1 0
yamanmnur/simple-dashboard/internal/services/customer_service.go:191.2,197.20 6 0
yamanmnur/simple-dashboard/internal/services/customer_service.go:200.120,208.16 6 0
yamanmnur/simple-dashboard/internal/services/customer_service.go:208.16,210.3 1 0
yamanmnur/simple-dashboard/internal/services/customer_service.go:212.2,220.20 7 0
yamanmnur/simple-dashboard/internal/services/customer_service.go:223.113,226.16 2 0
yamanmnur/simple-dashboard/internal/services/customer_service.go:226.16,228.3 1 0
yamanmnur/simple-dashboard/internal/services/customer_service.go:229.2,232.55 3 0
yamanmnur/simple-dashboard/internal/services/customer_service.go:232.55,234.3 1 0
yamanmnur/simple-dashboard/internal/services/customer_service.go:236.2,237.16 2 0
yamanmnur/simple-dashboard/internal/services/customer_service.go:237.16,239.3 1 0
yamanmnur/simple-dashboard/internal/services/customer_service.go:240.2,242.16 2 0
yamanmnur/simple-dashboard/internal/services/customer_service.go:242.16,244.3 1 0
yamanmnur/simple-dashboard/internal/services/customer_service.go:246.2,248.26 2 0
yamanmnur/simple-dashboard/internal/services/customer_service.go:251.83,255.2 2 0
yamanmnur/simple-dashboard/internal/services/customer_service.go:257.55,259.16 2 0
yamanmnur/simple-dashboard/internal/services/customer_service.go:259.16,262.3 1 0
yamanmnur/simple-dashboard/internal/services/customer_service.go:264.2,264.12 1 0
yamanmnur/simple-dashboard/internal/services/customer_service.go:266.153,269.16 2 0
yamanmnur/simple-dashboard/internal/services/customer_service.go:269.16,271.3 1 0
yamanmnur/simple-dashboard/internal/services/customer_service.go:273.2,284.22 2 0
yamanmnur/simple-dashboard/internal/services/dashboard_service.go:17.77,19.16 2 0
yamanmnur/simple-dashboard/internal/services/dashboard_service.go:19.16,21.3 1 0
yamanmnur/simple-dashboard/internal/services/dashboard_service.go:23.2,30.32 6 0
yamanmnur/simple-dashboard/internal/services/dashboard_service.go:30.32,34.3 2 0
yamanmnur/simple-dashboard/internal/services/dashboard_service.go:35.2,35.16 1 0
yamanmnur/simple-dashboard/internal/services/dashboard_service.go:35.16,37.3 1 0
yamanmnur/simple-dashboard/internal/services/dashboard_service.go:39.2,40.16 2 0
yamanmnur/simple-dashboard/internal/services/dashboard_service.go:40.16,42.3 1 0
yamanmnur/simple-dashboard/internal/services/dashboard_service.go:44.2,48.8 1 0
yamanmnur/simple-dashboard/internal/services/user_service.go:20.70,25.16 3 0
yamanmnur/simple-dashboard/internal/services/user_service.go:25.16,27.3 1 0
yamanmnur/simple-dashboard/internal/services/user_service.go:29.2,34.20 5 0
yamanmnur/simple-dashboard/internal/services/user_service.go:37.84,42.16 3 0
yamanmnur/simple-dashboard/internal/services/user_service.go:42.16,44.3 1 0
yamanmnur/simple-dashboard/internal/services/user_service.go:46.2,51.20 5 0
yamanmnur/simple-dashboard/internal/services/user_service.go:54.83,59.16 3 0
yamanmnur/simple-dashboard/internal/services/user_service.go:59.16,61.3 1 0
yamanmnur/simple-dashboard/internal/services/user_service.go:63.2,68.20 5 0
yamanmnur/simple-dashboard/internal/services/user_service.go:71.83,76.16 3 0
yamanmnur/simple-dashboard/internal/services/user_service.go:76.16,78.3 1 0
yamanmnur/simple-dashboard/internal/services/user_service.go:80.2,85.20 5 0
yamanmnur/simple-dashboard/pkg/data/base_data.go:11.36,13.2 1 0
yamanmnur/simple-dashboard/pkg/data/base_data.go:15.35,16.18 1 0
yamanmnur/simple-dashboard/pkg/data/base_data.go:16.18,18.3 1 0
yamanmnur/simple-dashboard/pkg/data/base_data.go:19.2,19.16 1 0
yamanmnur/simple-dashboard/pkg/data/base_data.go:22.34,23.17 1 0
yamanmnur/simple-dashboard/pkg/data/base_data.go:23.17,25.3 1 0
yamanmnur/simple-dashboard/pkg/data/base_data.go:26.2,26.15 1 0
yamanmnur/simple-dashboard/pkg/data/base_data.go:29.37,30.18 1 0
yamanmnur/simple-dashboard/pkg/data/base_data.go:30.18,32.3 1 0
yamanmnur/simple-dashboard/pkg/data/base_data.go:33.2,33.15 1 0
yamanmnur/simple-dashboard/pkg/data/base_data.go:50.48,52.2 1 0
yamanmnur/simple-dashboard/pkg/db/db.go:9.33,20.2 8 1
yamanmnur/simple-dashboard/pkg/db/dbhandler.go:13.51,15.2 1 0
yamanmnur/simple-dashboard/pkg/db/dbhandler.go:16.33,18.2 1 0
yamanmnur/simple-dashboard/pkg/requests/base_request.go:13.39,17.2 1 0
yamanmnur/simple-dashboard/pkg/responses/base_response.go:26.73,30.2 1 0
yamanmnur/simple-dashboard/pkg/responses/base_response.go:32.63,34.2 1 0
yamanmnur/simple-dashboard/pkg/responses/base_response.go:36.71,38.2 1 0
yamanmnur/simple-dashboard/pkg/responses/base_response.go:40.45,42.2 1 0
yamanmnur/simple-dashboard/pkg/responses/base_response.go:44.49,46.2 1 0
yamanmnur/simple-dashboard/pkg/util/bank_data_generate.go:9.27,11.2 1 0
yamanmnur/simple-dashboard/pkg/util/bank_data_generate.go:13.37,18.2 3 0
yamanmnur/simple-dashboard/pkg/util/bank_data_generate.go:20.38,24.2 3 0
yamanmnur/simple-dashboard/pkg/util/bank_data_generate.go:26.34,28.25 2 0
yamanmnur/simple-dashboard/pkg/util/bank_data_generate.go:28.25,30.12 2 0
yamanmnur/simple-dashboard/pkg/util/bank_data_generate.go:30.12,32.4 1 0
yamanmnur/simple-dashboard/pkg/util/bank_data_generate.go:33.3,33.21 1 0
yamanmnur/simple-dashboard/pkg/util/bank_data_generate.go:35.2,35.19 1 0
yamanmnur/simple-dashboard/pkg/util/format_currency.go:8.56,10.16 2 0
yamanmnur/simple-dashboard/pkg/util/format_currency.go:10.16,12.3 1 0
yamanmnur/simple-dashboard/pkg/util/format_currency.go:14.2,18.27 3 0
yamanmnur/simple-dashboard/pkg/util/format_currency.go:21.45,26.26 4 0
yamanmnur/simple-dashboard/pkg/util/format_currency.go:26.26,27.34 1 0
yamanmnur/simple-dashboard/pkg/util/format_currency.go:27.34,29.4 1 0
yamanmnur/simple-dashboard/pkg/util/format_currency.go:30.3,30.26 1 0
yamanmnur/simple-dashboard/pkg/util/format_currency.go:32.2,32.24 1 0
yamanmnur/simple-dashboard/pkg/util/minio_client.go:23.32,34.16 6 0
yamanmnur/simple-dashboard/pkg/util/minio_client.go:34.16,36.3 1 0
yamanmnur/simple-dashboard/pkg/util/minio_client.go:37.2,37.20 1 0
yamanmnur/simple-dashboard/pkg/util/minio_client.go:40.63,43.16 3 0
yamanmnur/simple-dashboard/pkg/util/minio_client.go:43.16,45.3 1 0
yamanmnur/simple-dashboard/pkg/util/minio_client.go:46.2,46.13 1 0
yamanmnur/simple-dashboard/pkg/util/minio_client.go:46.13,48.3 1 0
yamanmnur/simple-dashboard/pkg/util/minio_client.go:49.2,49.12 1 0
yamanmnur/simple-dashboard/pkg/util/minio_client.go:52.87,58.2 4 0
yamanmnur/simple-dashboard/pkg/util/minio_client.go:60.84,63.16 3 0
yamanmnur/simple-dashboard/pkg/util/minio_client.go:63.16,65.3 1 0
yamanmnur/simple-dashboard/pkg/util/minio_client.go:66.2,70.16 4 0
yamanmnur/simple-dashboard/pkg/util/minio_client.go:70.16,72.3 1 0
yamanmnur/simple-dashboard/pkg/util/minio_client.go:74.2,74.25 1 0
yamanmnur/simple-dashboard/routes/auth_routes.go:10.74,15.2 4 0
yamanmnur/simple-dashboard/routes/customer_routes.go:10.81,23.2 10 0
yamanmnur/simple-dashboard/routes/dashboard_routes.go:9.84,12.2 2 0
yamanmnur/simple-dashboard/seeder/bank_account_seeder.go:8.26,113.36 3 0
yamanmnur/simple-dashboard/seeder/bank_account_seeder.go:113.36,115.3 1 0
yamanmnur/simple-dashboard/seeder/customer_seeder.go:8.23,23.37 3 0
yamanmnur/simple-dashboard/seeder/customer_seeder.go:23.37,25.3 1 0
yamanmnur/simple-dashboard/seeder/main_seeder.go:3.17,10.2 6 0
yamanmnur/simple-dashboard/seeder/pocket_seeder.go:8.21,76.16 5 0
yamanmnur/simple-dashboard/seeder/pocket_seeder.go:76.16,77.32 1 0
yamanmnur/simple-dashboard/seeder/pocket_seeder.go:77.32,79.4 1 0
yamanmnur/simple-dashboard/seeder/term_deposit_types_seeder.go:8.31,124.16 5 0
yamanmnur/simple-dashboard/seeder/term_deposit_types_seeder.go:124.16,125.42 1 0
yamanmnur/simple-dashboard/seeder/term_deposit_types_seeder.go:125.42,127.4 1 0
yamanmnur/simple-dashboard/seeder/term_deposite_seeder.go:8.26,127.16 7 0
yamanmnur/simple-dashboard/seeder/term_deposite_seeder.go:127.16,128.37 1 0
yamanmnur/simple-dashboard/seeder/term_deposite_seeder.go:128.37,130.4 1 0
yamanmnur/simple-dashboard/seeder/user_seeder.go:9.19,15.29 4 0
yamanmnur/simple-dashboard/seeder/user_seeder.go:15.29,17.3 1 0
yamanmnur/simple-dashboard/tests/services/mocks/customer_repository_mock.go:16.77,19.2 2 0
yamanmnur/simple-dashboard/tests/services/mocks/customer_repository_mock.go:21.86,24.2 2 0
yamanmnur/simple-dashboard/tests/services/mocks/customer_repository_mock.go:26.78,29.2 2 0
yamanmnur/simple-dashboard/tests/services/mocks/customer_repository_mock.go:31.99,34.2 2 0
yamanmnur/simple-dashboard/tests/services/mocks/customer_repository_mock.go:36.104,39.2 2 0
yamanmnur/simple-dashboard/tests/services/mocks/customer_repository_mock.go:41.56,44.2 2 0
yamanmnur/simple-dashboard/tests/services/mocks/customer_repository_mock.go:46.149,49.2 2 0
yamanmnur/simple-dashboard/tests/services/mocks/minio_client_mock.go:11.87,14.2 2 0
yamanmnur/simple-dashboard/tests/services/mocks/minio_client_mock.go:16.84,19.2 2 0
yamanmnur/simple-dashboard/tests/services/mocks/minio_client_mock.go:21.63,24.2 2 0
yamanmnur/simple-dashboard/tests/services/mocks/user_repository_mock.go:14.69,17.2 2 0
yamanmnur/simple-dashboard/tests/services/mocks/user_repository_mock.go:19.83,22.2 2 0
yamanmnur/simple-dashboard/tests/services/mocks/user_repository_mock.go:24.82,27.2 2 0
yamanmnur/simple-dashboard/tests/services/mocks/user_repository_mock.go:29.82,32.2 2 0
yamanmnur/simple-dashboard/tests/services/mocks/customer_repository_mock.go:16.77,19.2 2 0
yamanmnur/simple-dashboard/tests/services/mocks/customer_repository_mock.go:21.86,24.2 2 0
yamanmnur/simple-dashboard/tests/services/mocks/customer_repository_mock.go:26.78,29.2 2 0
yamanmnur/simple-dashboard/tests/services/mocks/customer_repository_mock.go:31.99,34.2 2 0
yamanmnur/simple-dashboard/tests/services/mocks/customer_repository_mock.go:36.104,39.2 2 0
yamanmnur/simple-dashboard/tests/services/mocks/customer_repository_mock.go:41.56,44.2 2 0
yamanmnur/simple-dashboard/tests/services/mocks/customer_repository_mock.go:46.149,49.2 2 0
yamanmnur/simple-dashboard/tests/services/mocks/minio_client_mock.go:11.87,14.2 2 0
yamanmnur/simple-dashboard/tests/services/mocks/minio_client_mock.go:16.84,19.2 2 0
yamanmnur/simple-dashboard/tests/services/mocks/minio_client_mock.go:21.63,24.2 2 0
yamanmnur/simple-dashboard/tests/services/mocks/user_repository_mock.go:14.69,17.2 2 0
yamanmnur/simple-dashboard/tests/services/mocks/user_repository_mock.go:19.83,22.2 2 0
yamanmnur/simple-dashboard/tests/services/mocks/user_repository_mock.go:24.82,27.2 2 0
yamanmnur/simple-dashboard/tests/services/mocks/user_repository_mock.go:29.82,32.2 2 0
yamanmnur/simple-dashboard/main.go:21.13,32.16 7 0
yamanmnur/simple-dashboard/main.go:32.16,34.3 1 0
yamanmnur/simple-dashboard/main.go:36.2,46.37 6 0
yamanmnur/simple-dashboard/main.go:46.37,48.3 1 0
yamanmnur/simple-dashboard/main.go:50.2,54.42 3 0
yamanmnur/simple-dashboard/internal/dto/requests/auth_request.go:12.33,17.2 1 3
yamanmnur/simple-dashboard/internal/dto/requests/auth_request.go:25.36,30.2 1 0
yamanmnur/simple-dashboard/internal/dto/requests/customer_request.go:26.43,34.2 1 3
yamanmnur/simple-dashboard/internal/handlers/auth_controller.go:20.54,23.53 2 4
yamanmnur/simple-dashboard/internal/handlers/auth_controller.go:23.53,26.3 1 1
yamanmnur/simple-dashboard/internal/handlers/auth_controller.go:28.2,28.47 1 3
yamanmnur/simple-dashboard/internal/handlers/auth_controller.go:28.47,30.3 1 1
yamanmnur/simple-dashboard/internal/handlers/auth_controller.go:32.2,34.16 2 2
yamanmnur/simple-dashboard/internal/handlers/auth_controller.go:34.16,36.3 1 1
yamanmnur/simple-dashboard/internal/handlers/auth_controller.go:38.2,48.12 3 1
yamanmnur/simple-dashboard/internal/handlers/auth_controller.go:51.56,55.20 2 4
yamanmnur/simple-dashboard/internal/handlers/auth_controller.go:55.20,57.3 1 1
yamanmnur/simple-dashboard/internal/handlers/auth_controller.go:59.2,61.16 2 3
yamanmnur/simple-dashboard/internal/handlers/auth_controller.go:61.16,63.3 1 1
yamanmnur/simple-dashboard/internal/handlers/auth_controller.go:65.2,67.16 2 2
yamanmnur/simple-dashboard/internal/handlers/auth_controller.go:67.16,69.3 1 1
yamanmnur/simple-dashboard/internal/handlers/auth_controller.go:71.2,81.12 3 1
yamanmnur/simple-dashboard/internal/handlers/customer_controller.go:21.38,23.43 2 3
yamanmnur/simple-dashboard/internal/handlers/customer_controller.go:23.43,25.3 1 1
yamanmnur/simple-dashboard/internal/handlers/customer_controller.go:26.2,26.53 1 3
yamanmnur/simple-dashboard/internal/handlers/customer_controller.go:29.68,33.16 3 3
yamanmnur/simple-dashboard/internal/handlers/customer_controller.go:33.16,35.3 1 1
yamanmnur/simple-dashboard/internal/handlers/customer_controller.go:37.2,38.16 2 2
yamanmnur/simple-dashboard/internal/handlers/customer_controller.go:38.16,40.3 1 1
yamanmnur/simple-dashboard/internal/handlers/customer_controller.go:42.2,52.12 3 1
yamanmnur/simple-dashboard/internal/handlers/customer_controller.go:55.79,58.54 2 4
yamanmnur/simple-dashboard/internal/handlers/customer_controller.go:58.54,62.3 1 1
yamanmnur/simple-dashboard/internal/handlers/customer_controller.go:64.2,64.47 1 3
yamanmnur/simple-dashboard/internal/handlers/customer_controller.go:64.47,66.3 1 1
yamanmnur/simple-dashboard/internal/handlers/customer_controller.go:68.2,69.16 2 2
yamanmnur/simple-dashboard/internal/handlers/customer_controller.go:69.16,79.3 3 1
yamanmnur/simple-dashboard/internal/handlers/customer_controller.go:81.2,97.12 3 1
yamanmnur/simple-dashboard/internal/handlers/customer_controller.go:100.72,103.53 2 3
yamanmnur/simple-dashboard/internal/handlers/customer_controller.go:103.53,105.3 1 1
yamanmnur/simple-dashboard/internal/handlers/customer_controller.go:107.2,108.16 2 2
yamanmnur/simple-dashboard/internal/handlers/customer_controller.go:108.16,110.3 1 1
yamanmnur/simple-dashboard/internal/handlers/customer_controller.go:112.2,122.12 3 1
yamanmnur/simple-dashboard/internal/handlers/customer_controller.go:125.72,128.16 2 4
yamanmnur/simple-dashboard/internal/handlers/customer_controller.go:128.16,130.3 1 1
yamanmnur/simple-dashboard/internal/handlers/customer_controller.go:132.2,133.16 2 3
yamanmnur/simple-dashboard/internal/handlers/customer_controller.go:133.16,135.3 1 1
yamanmnur/simple-dashboard/internal/handlers/customer_controller.go:137.2,147.12 3 2
yamanmnur/simple-dashboard/internal/handlers/customer_controller.go:150.69,154.16 3 2
yamanmnur/simple-dashboard/internal/handlers/customer_controller.go:154.16,156.3 1 1
yamanmnur/simple-dashboard/internal/handlers/customer_controller.go:158.2,161.12 3 1
yamanmnur/simple-dashboard/internal/handlers/customer_controller.go:164.59,166.53 2 4
yamanmnur/simple-dashboard/internal/handlers/customer_controller.go:166.53,168.3 1 1
yamanmnur/simple-dashboard/internal/handlers/customer_controller.go:170.2,170.47 1 3
yamanmnur/simple-dashboard/internal/handlers/customer_controller.go:170.47,172.3 1 1
yamanmnur/simple-dashboard/internal/handlers/customer_controller.go:174.2,176.16 2 2
yamanmnur/simple-dashboard/internal/handlers/customer_controller.go:176.16,178.3 1 1
yamanmnur/simple-dashboard/internal/handlers/customer_controller.go:180.2,190.12 3 1
yamanmnur/simple-dashboard/internal/handlers/dashboard_controller.go:15.66,18.16 2 2
yamanmnur/simple-dashboard/internal/handlers/dashboard_controller.go:18.16,20.3 1 1
yamanmnur/simple-dashboard/internal/handlers/dashboard_controller.go:22.2,32.12 3 1
yamanmnur/simple-dashboard/internal/injectors/auth_injector.go:9.69,12.2 2 0
yamanmnur/simple-dashboard/internal/injectors/customer_injector.go:10.73,14.2 3 0
yamanmnur/simple-dashboard/internal/injectors/dashboard_injector.go:10.74,14.2 3 0
yamanmnur/simple-dashboard/internal/injectors/main_injector.go:31.82,47.2 9 0
yamanmnur/simple-dashboard/internal/injectors/minio_injector.go:9.71,11.2 1 0
yamanmnur/simple-dashboard/internal/injectors/user_injector.go:9.69,12.2 2 0
yamanmnur/simple-dashboard/internal/middlewares/error_handler.go:13.52,14.16 1 17
yamanmnur/simple-dashboard/internal/middlewares/error_handler.go:14.16,23.45 8 11
yamanmnur/simple-dashboard/internal/middlewares/error_handler.go:23.45,26.4 2 0
yamanmnur/simple-dashboard/internal/middlewares/error_handler.go:26.9,26.53 1 11
yamanmnur/simple-dashboard/internal/middlewares/error_handler.go:26.53,29.4 2 6
yamanmnur/simple-dashboard/internal/middlewares/error_handler.go:29.9,29.50 1 5
yamanmnur/simple-dashboard/internal/middlewares/error_handler.go:29.50,32.4 2 1
yamanmnur/simple-dashboard/internal/middlewares/error_handler.go:32.9,32.50 1 4
yamanmnur/simple-dashboard/internal/middlewares/error_handler.go:32.50,35.4 2 1
yamanmnur/simple-dashboard/internal/middlewares/error_handler.go:35.9,35.51 1 3
yamanmnur/simple-dashboard/internal/middlewares/error_handler.go:35.51,38.4 2 0
yamanmnur/simple-dashboard/internal/middlewares/error_handler.go:38.9,38.52 1 3
yamanmnur/simple-dashboard/internal/middlewares/error_handler.go:38.52,41.4 2 0
yamanmnur/simple-dashboard/internal/middlewares/error_handler.go:41.9,44.4 2 3
yamanmnur/simple-dashboard/internal/middlewares/error_handler.go:46.3,54.47 2 11
yamanmnur/simple-dashboard/internal/middlewares/error_handler.go:57.2,57.12 1 6
yamanmnur/simple-dashboard/internal/middlewares/jwt_middlewares.go:9.40,14.22 4 0
yamanmnur/simple-dashboard/internal/middlewares/jwt_middlewares.go:14.22,18.3 1 0
yamanmnur/simple-dashboard/internal/middlewares/jwt_middlewares.go:20.2,22.76 2 0
yamanmnur/simple-dashboard/internal/middlewares/jwt_middlewares.go:22.76,23.54 1 0
yamanmnur/simple-dashboard/internal/middlewares/jwt_middlewares.go:23.54,25.4 1 0
yamanmnur/simple-dashboard/internal/middlewares/jwt_middlewares.go:26.3,26.28 1 0
yamanmnur/simple-dashboard/internal/middlewares/jwt_middlewares.go:29.2,29.32 1 0
yamanmnur/simple-dashboard/internal/middlewares/jwt_middlewares.go:29.32,33.3 1 0
yamanmnur/simple-dashboard/internal/middlewares/jwt_middlewares.go:34.2,37.17 3 0
yamanmnur/simple-dashboard/internal/repositories/customer_repository.go:27.91,35.16 2 0
yamanmnur/simple-dashboard/internal/repositories/customer_repository.go:35.16,37.3 1 0
yamanmnur/simple-dashboard/internal/repositories/customer_repository.go:39.2,39.12 1 0
yamanmnur/simple-dashboard/internal/repositories/customer_repository.go:42.82,52.2 3 0
yamanmnur/simple-dashboard/internal/repositories/customer_repository.go:54.79,56.68 1 0
yamanmnur/simple-dashboard/internal/repositories/customer_repository.go:56.68,58.3 1 0
yamanmnur/simple-dashboard/internal/repositories/customer_repository.go:60.2,60.12 1 0
yamanmnur/simple-dashboard/internal/repositories/customer_repository.go:63.104,71.25 7 0
yamanmnur/simple-dashboard/internal/repositories/customer_repository.go:71.25,73.3 1 0
yamanmnur/simple-dashboard/internal/repositories/customer_repository.go:75.2,75.30 1 0
yamanmnur/simple-dashboard/internal/repositories/customer_repository.go:75.30,77.3 1 0
yamanmnur/simple-dashboard/internal/repositories/customer_repository.go:79.2,79.22 1 0
yamanmnur/simple-dashboard/internal/repositories/customer_repository.go:82.109,85.26 2 0
yamanmnur/simple-dashboard/internal/repositories/customer_repository.go:85.26,87.3 1 0
yamanmnur/simple-dashboard/internal/repositories/customer_repository.go:89.2,89.29 1 0
yamanmnur/simple-dashboard/internal/repositories/customer_repository.go:89.29,91.3 1 0
yamanmnur/simple-dashboard/internal/repositories/customer_repository.go:93.2,93.30 1 0
yamanmnur/simple-dashboard/internal/repositories/customer_repository.go:93.30,95.3 1 0
yamanmnur/simple-dashboard/internal/repositories/customer_repository.go:97.2,97.36 1 0
yamanmnur/simple-dashboard/internal/repositories/customer_repository.go:97.36,99.3 1 0
yamanmnur/simple-dashboard/internal/repositories/customer_repository.go:101.2,101.32 1 0
yamanmnur/simple-dashboard/internal/repositories/customer_repository.go:101.32,103.3 1 0
yamanmnur/simple-dashboard/internal/repositories/customer_repository.go:105.2,105.30 1 0
yamanmnur/simple-dashboard/internal/repositories/customer_repository.go:105.30,107.3 1 0
yamanmnur/simple-dashboard/internal/repositories/customer_repository.go:109.2,110.25 2 0
yamanmnur/simple-dashboard/internal/repositories/customer_repository.go:110.25,112.3 1 0
yamanmnur/simple-dashboard/internal/repositories/customer_repository.go:114.2,114.30 1 0
yamanmnur/simple-dashboard/internal/repositories/customer_repository.go:114.30,116.3 1 0
yamanmnur/simple-dashboard/internal/repositories/customer_repository.go:118.2,118.22 1 0
yamanmnur/simple-dashboard/internal/repositories/customer_repository.go:121.61,123.30 2 0
yamanmnur/simple-dashboard/internal/repositories/customer_repository.go:123.30,125.3 1 0
yamanmnur/simple-dashboard/internal/repositories/customer_repository.go:126.2,126.12 1 0
yamanmnur/simple-dashboard/internal/repositories/customer_repository.go:128.154,156.30 6 0
yamanmnur/simple-dashboard/internal/repositories/customer_repository.go:156.30,165.3 2 0
yamanmnur/simple-dashboard/internal/repositories/customer_repository.go:167.2,167.65 1 0
yamanmnur/simple-dashboard/internal/repositories/customer_repository.go:167.65,170.3 2 0
yamanmnur/simple-dashboard/internal/repositories/customer_repository.go:172.2,172.73 1 0
yamanmnur/simple-dashboard/internal/repositories/customer_repository.go:172.73,174.3 1 0
yamanmnur/simple-dashboard/internal/repositories/customer_repository.go:176.2,176.147 1 0
yamanmnur/simple-dashboard/internal/repositories/customer_repository.go:176.147,178.3 1 0
yamanmnur/simple-dashboard/internal/repositories/customer_repository.go:180.2,185.23 5 0
yamanmnur/simple-dashboard/internal/repositories/dashboard_repository.go:18.88,30.2 3 0
yamanmnur/simple-dashboard/internal/repositories/dashboard_repository.go:32.79,51.2 3 0
yamanmnur/simple-dashboard/internal/repositories/dashboard_repository.go:53.98,83.2 3 0
yamanmnur/simple-dashboard/internal/repositories/user_repository.go:23.74,28.2 3 0
yamanmnur/simple-dashboard/internal/repositories/user_repository.go:30.88,34.25 3 0
yamanmnur/simple-dashboard/internal/repositories/user_repository.go:34.25,36.3 1 0
yamanmnur/simple-dashboard/internal/repositories/user_repository.go:37.2,37.30 1 0
yamanmnur/simple-dashboard/internal/repositories/user_repository.go:37.30,39.3 1 0
yamanmnur/simple-dashboard/internal/repositories/user_repository.go:40.2,40.18 1 0
yamanmnur/simple-dashboard/internal/repositories/user_repository.go:43.87,50.25 6 0
yamanmnur/simple-dashboard/internal/repositories/user_repository.go:50.25,52.3 1 0
yamanmnur/simple-dashboard/internal/repositories/user_repository.go:54.2,54.30 1 0
yamanmnur/simple-dashboard/internal/repositories/user_repository.go:54.30,56.3 1 0
yamanmnur/simple-dashboard/internal/repositories/user_repository.go:58.2,58.18 1 0
yamanmnur/simple-dashboard/internal/repositories/user_repository.go:61.87,68.94 5 0
yamanmnur/simple-dashboard/internal/repositories/user_repository.go:68.94,70.3 1 0
yamanmnur/simple-dashboard/internal/repositories/user_repository.go:72.2,72.18 1 0
yamanmnur/simple-dashboard/internal/services/auth_service.go:23.52,25.16 2 0
yamanmnur/simple-dashboard/internal/services/auth_service.go:25.16,27.3 1 0
yamanmnur/simple-dashboard/internal/services/auth_service.go:28.2,28.26 1 0
yamanmnur/simple-dashboard/internal/services/auth_service.go:31.63,34.2 2 0
yamanmnur/simple-dashboard/internal/services/auth_service.go:40.74,56.2 8 0
yamanmnur/simple-dashboard/internal/services/auth_service.go:58.89,68.16 3 0
yamanmnur/simple-dashboard/internal/services/auth_service.go:68.16,70.3 1 0
yamanmnur/simple-dashboard/internal/services/auth_service.go:72.2,81.8 2 0
yamanmnur/simple-dashboard/internal/services/auth_service.go:84.83,87.16 2 0
yamanmnur/simple-dashboard/internal/services/auth_service.go:87.16,89.3 1 0
yamanmnur/simple-dashboard/internal/services/auth_service.go:91.2,91.56 1 0
yamanmnur/simple-dashboard/internal/services/auth_service.go:91.56,93.3 1 0
yamanmnur/simple-dashboard/internal/services/auth_service.go:95.2,103.8 2 0
yamanmnur/simple-dashboard/internal/services/auth_service.go:106.80,109.16 2 0
yamanmnur/simple-dashboard/internal/services/auth_service.go:109.16,111.3 1 0
yamanmnur/simple-dashboard/internal/services/auth_service.go:113.2,117.8 1 0
yamanmnur/simple-dashboard/internal/services/customer_service.go:35.82,40.16 4 0
yamanmnur/simple-dashboard/internal/services/customer_service.go:40.16,42.3 1 0
yamanmnur/simple-dashboard/internal/services/customer_service.go:44.2,66.42 22 0
yamanmnur/simple-dashboard/internal/services/customer_service.go:66.42,74.3 3 0
yamanmnur/simple-dashboard/internal/services/customer_service.go:76.2,98.43 10 0
yamanmnur/simple-dashboard/internal/services/customer_service.go:98.43,116.3 2 0
yamanmnur/simple-dashboard/internal/services/customer_service.go:118.2,122.20 4 0
yamanmnur/simple-dashboard/internal/services/customer_service.go:125.78,129.16 3 0
yamanmnur/simple-dashboard/internal/services/customer_service.go:129.16,131.3 1 0
yamanmnur/simple-dashboard/internal/services/customer_service.go:133.2,141.20 8 0
yamanmnur/simple-dashboard/internal/services/customer_service.go:144.108,176.16 3 0
yamanmnur/simple-dashboard/internal/services/customer_service.go:176.16,178.3 1 0
yamanmnur/simple-dashboard/internal/services/customer_service.go:180.2,181.28 2 0
yamanmnur/simple-dashboard/internal/services/customer_service.go:184.95,187.16 3 0
yamanmnur/simple-dashboard/internal/services/customer_service.go:187.16,189.3 1 0
yamanmnur/simple-dashboard/internal/services/customer_service.go:191.2,197.20 6 0
yamanmnur/simple-dashboard/internal/services/customer_service.go:200.120,208.16 6 0
yamanmnur/simple-dashboard/internal/services/customer_service.go:208.16,210.3 1 0
yamanmnur/simple-dashboard/internal/services/customer_service.go:212.2,220.20 7 0
yamanmnur/simple-dashboard/internal/services/customer_service.go:223.113,226.16 2 0
yamanmnur/simple-dashboard/internal/services/customer_service.go:226.16,228.3 1 0
yamanmnur/simple-dashboard/internal/services/customer_service.go:229.2,232.55 3 0
yamanmnur/simple-dashboard/internal/services/customer_service.go:232.55,234.3 1 0
yamanmnur/simple-dashboard/internal/services/customer_service.go:236.2,237.16 2 0
yamanmnur/simple-dashboard/internal/services/customer_service.go:237.16,239.3 1 0
yamanmnur/simple-dashboard/internal/services/customer_service.go:240.2,242.16 2 0
yamanmnur/simple-dashboard/internal/services/customer_service.go:242.16,244.3 1 0
yamanmnur/simple-dashboard/internal/services/customer_service.go:246.2,248.26 2 0
yamanmnur/simple-dashboard/internal/services/customer_service.go:251.83,255.2 2 0
yamanmnur/simple-dashboard/internal/services/customer_service.go:257.55,259.16 2 0
yamanmnur/simple-dashboard/internal/services/customer_service.go:259.16,262.3 1 0
yamanmnur/simple-dashboard/internal/services/customer_service.go:264.2,264.12 1 0
yamanmnur/simple-dashboard/internal/services/customer_service.go:266.153,269.16 2 0
yamanmnur/simple-dashboard/internal/services/customer_service.go:269.16,271.3 1 0
yamanmnur/simple-dashboard/internal/services/customer_service.go:273.2,284.22 2 0
yamanmnur/simple-dashboard/internal/services/dashboard_service.go:17.77,19.16 2 0
yamanmnur/simple-dashboard/internal/services/dashboard_service.go:19.16,21.3 1 0
yamanmnur/simple-dashboard/internal/services/dashboard_service.go:23.2,30.32 6 0
yamanmnur/simple-dashboard/internal/services/dashboard_service.go:30.32,34.3 2 0
yamanmnur/simple-dashboard/internal/services/dashboard_service.go:35.2,35.16 1 0
yamanmnur/simple-dashboard/internal/services/dashboard_service.go:35.16,37.3 1 0
yamanmnur/simple-dashboard/internal/services/dashboard_service.go:39.2,40.16 2 0
yamanmnur/simple-dashboard/internal/services/dashboard_service.go:40.16,42.3 1 0
yamanmnur/simple-dashboard/internal/services/dashboard_service.go:44.2,48.8 1 0
yamanmnur/simple-dashboard/internal/services/user_service.go:20.70,25.16 3 0
yamanmnur/simple-dashboard/internal/services/user_service.go:25.16,27.3 1 0
yamanmnur/simple-dashboard/internal/services/user_service.go:29.2,34.20 5 0
yamanmnur/simple-dashboard/internal/services/user_service.go:37.84,42.16 3 0
yamanmnur/simple-dashboard/internal/services/user_service.go:42.16,44.3 1 0
yamanmnur/simple-dashboard/internal/services/user_service.go:46.2,51.20 5 0
yamanmnur/simple-dashboard/internal/services/user_service.go:54.83,59.16 3 0
yamanmnur/simple-dashboard/internal/services/user_service.go:59.16,61.3 1 0
yamanmnur/simple-dashboard/internal/services/user_service.go:63.2,68.20 5 0
yamanmnur/simple-dashboard/internal/services/user_service.go:71.83,76.16 3 0
yamanmnur/simple-dashboard/internal/services/user_service.go:76.16,78.3 1 0
yamanmnur/simple-dashboard/internal/services/user_service.go:80.2,85.20 5 0
yamanmnur/simple-dashboard/pkg/data/base_data.go:11.36,13.2 1 0
yamanmnur/simple-dashboard/pkg/data/base_data.go:15.35,16.18 1 0
yamanmnur/simple-dashboard/pkg/data/base_data.go:16.18,18.3 1 0
yamanmnur/simple-dashboard/pkg/data/base_data.go:19.2,19.16 1 0
yamanmnur/simple-dashboard/pkg/data/base_data.go:22.34,23.17 1 0
yamanmnur/simple-dashboard/pkg/data/base_data.go:23.17,25.3 1 0
yamanmnur/simple-dashboard/pkg/data/base_data.go:26.2,26.15 1 0
yamanmnur/simple-dashboard/pkg/data/base_data.go:29.37,30.18 1 0
yamanmnur/simple-dashboard/pkg/data/base_data.go:30.18,32.3 1 0
yamanmnur/simple-dashboard/pkg/data/base_data.go:33.2,33.15 1 0
yamanmnur/simple-dashboard/pkg/data/base_data.go:50.48,52.2 1 6
yamanmnur/simple-dashboard/pkg/db/db.go:9.33,20.2 8 0
yamanmnur/simple-dashboard/pkg/db/dbhandler.go:13.51,15.2 1 0
yamanmnur/simple-dashboard/pkg/db/dbhandler.go:16.33,18.2 1 0
yamanmnur/simple-dashboard/pkg/requests/base_request.go:13.39,17.2 1 3
yamanmnur/simple-dashboard/pkg/responses/base_response.go:26.73,30.2 1 0
yamanmnur/simple-dashboard/pkg/responses/base_response.go:32.63,34.2 1 0
yamanmnur/simple-dashboard/pkg/responses/base_response.go:36.71,38.2 1 0
yamanmnur/simple-dashboard/pkg/responses/base_response.go:40.45,42.2 1 0
yamanmnur/simple-dashboard/pkg/responses/base_response.go:44.49,46.2 1 0
yamanmnur/simple-dashboard/pkg/util/bank_data_generate.go:9.27,11.2 1 0
yamanmnur/simple-dashboard/pkg/util/bank_data_generate.go:13.37,18.2 3 0
yamanmnur/simple-dashboard/pkg/util/bank_data_generate.go:20.38,24.2 3 0
yamanmnur/simple-dashboard/pkg/util/bank_data_generate.go:26.34,28.25 2 0
yamanmnur/simple-dashboard/pkg/util/bank_data_generate.go:28.25,30.12 2 0
yamanmnur/simple-dashboard/pkg/util/bank_data_generate.go:30.12,32.4 1 0
yamanmnur/simple-dashboard/pkg/util/bank_data_generate.go:33.3,33.21 1 0
yamanmnur/simple-dashboard/pkg/util/bank_data_generate.go:35.2,35.19 1 0
yamanmnur/simple-dashboard/pkg/util/format_currency.go:8.56,10.16 2 0
yamanmnur/simple-dashboard/pkg/util/format_currency.go:10.16,12.3 1 0
yamanmnur/simple-dashboard/pkg/util/format_currency.go:14.2,18.27 3 0
yamanmnur/simple-dashboard/pkg/util/format_currency.go:21.45,26.26 4 0
yamanmnur/simple-dashboard/pkg/util/format_currency.go:26.26,27.34 1 0
yamanmnur/simple-dashboard/pkg/util/format_currency.go:27.34,29.4 1 0
yamanmnur/simple-dashboard/pkg/util/format_currency.go:30.3,30.26 1 0
yamanmnur/simple-dashboard/pkg/util/format_currency.go:32.2,32.24 1 0
yamanmnur/simple-dashboard/pkg/util/minio_client.go:23.32,34.16 6 0
yamanmnur/simple-dashboard/pkg/util/minio_client.go:34.16,36.3 1 0
yamanmnur/simple-dashboard/pkg/util/minio_client.go:37.2,37.20 1 0
yamanmnur/simple-dashboard/pkg/util/minio_client.go:40.63,43.16 3 0
yamanmnur/simple-dashboard/pkg/util/minio_client.go:43.16,45.3 1 0
yamanmnur/simple-dashboard/pkg/util/minio_client.go:46.2,46.13 1 0
yamanmnur/simple-dashboard/pkg/util/minio_client.go:46.13,48.3 1 0
yamanmnur/simple-dashboard/pkg/util/minio_client.go:49.2,49.12 1 0
yamanmnur/simple-dashboard/pkg/util/minio_client.go:52.87,58.2 4 0
yamanmnur/simple-dashboard/pkg/util/minio_client.go:60.84,63.16 3 0
yamanmnur/simple-dashboard/pkg/util/minio_client.go:63.16,65.3 1 0
yamanmnur/simple-dashboard/pkg/util/minio_client.go:66.2,70.16 4 0
yamanmnur/simple-dashboard/pkg/util/minio_client.go:70.16,72.3 1 0
yamanmnur/simple-dashboard/pkg/util/minio_client.go:74.2,74.25 1 0
yamanmnur/simple-dashboard/routes/auth_routes.go:10.74,15.2 4 0
yamanmnur/simple-dashboard/routes/customer_routes.go:10.81,23.2 10 0
yamanmnur/simple-dashboard/routes/dashboard_routes.go:9.84,12.2 2 0
yamanmnur/simple-dashboard/seeder/bank_account_seeder.go:8.26,113.36 3 0
yamanmnur/simple-dashboard/seeder/bank_account_seeder.go:113.36,115.3 1 0
yamanmnur/simple-dashboard/seeder/customer_seeder.go:8.23,23.37 3 0
yamanmnur/simple-dashboard/seeder/customer_seeder.go:23.37,25.3 1 0
yamanmnur/simple-dashboard/seeder/main_seeder.go:3.17,10.2 6 0
yamanmnur/simple-dashboard/seeder/pocket_seeder.go:8.21,76.16 5 0
yamanmnur/simple-dashboard/seeder/pocket_seeder.go:76.16,77.32 1 0
yamanmnur/simple-dashboard/seeder/pocket_seeder.go:77.32,79.4 1 0
yamanmnur/simple-dashboard/seeder/term_deposit_types_seeder.go:8.31,124.16 5 0
yamanmnur/simple-dashboard/seeder/term_deposit_types_seeder.go:124.16,125.42 1 0
yamanmnur/simple-dashboard/seeder/term_deposit_types_seeder.go:125.42,127.4 1 0
yamanmnur/simple-dashboard/seeder/term_deposite_seeder.go:8.26,127.16 7 0
yamanmnur/simple-dashboard/seeder/term_deposite_seeder.go:127.16,128.37 1 0
yamanmnur/simple-dashboard/seeder/term_deposite_seeder.go:128.37,130.4 1 0
yamanmnur/simple-dashboard/seeder/user_seeder.go:9.19,15.29 4 0
yamanmnur/simple-dashboard/seeder/user_seeder.go:15.29,17.3 1 0
yamanmnur/simple-dashboard/tests/services/mocks/customer_repository_mock.go:16.77,19.2 2 0
yamanmnur/simple-dashboard/tests/services/mocks/customer_repository_mock.go:21.86,24.2 2 0
yamanmnur/simple-dashboard/tests/services/mocks/customer_repository_mock.go:26.78,29.2 2 0
yamanmnur/simple-dashboard/tests/services/mocks/customer_repository_mock.go:31.99,34.2 2 0
yamanmnur/simple-dashboard/tests/services/mocks/customer_repository_mock.go:36.104,39.2 2 0
yamanmnur/simple-dashboard/tests/services/mocks/customer_repository_mock.go:41.56,44.2 2 0
yamanmnur/simple-dashboard/tests/services/mocks/customer_repository_mock.go:46.149,49.2 2 0
yamanmnur/simple-dashboard/tests/services/mocks/minio_client_mock.go:11.87,14.2 2 0
yamanmnur/simple-dashboard/tests/services/mocks/minio_client_mock.go:16.84,19.2 2 0
yamanmnur/simple-dashboard/tests/services/mocks/minio_client_mock.go:21.63,24.2 2 0
yamanmnur/simple-dashboard/tests/services/mocks/user_repository_mock.go:14.69,17.2 2 0
yamanmnur/simple-dashboard/tests/services/mocks/user_repository_mock.go:19.83,22.2 2 0
yamanmnur/simple-dashboard/tests/services/mocks/user_repository_mock.go:24.82,27.2 2 0
yamanmnur/simple-dashboard/tests/services/mocks/user_repository_mock.go:29.82,32.2 2 0
yamanmnur/simple-dashboard/main.go:21.13,32.16 7 0
yamanmnur/simple-dashboard/main.go:32.16,34.3 1 0
yamanmnur/simple-dashboard/main.go:36.2,46.37 6 0
yamanmnur/simple-dashboard/main.go:46.37,48.3 1 0
yamanmnur/simple-dashboard/main.go:50.2,54.42 3 0
yamanmnur/simple-dashboard/internal/dto/requests/auth_request.go:12.33,17.2 1 0
yamanmnur/simple-dashboard/internal/dto/requests/auth_request.go:25.36,30.2 1 0
yamanmnur/simple-dashboard/internal/dto/requests/customer_request.go:26.43,34.2 1 0
yamanmnur/simple-dashboard/internal/handlers/auth_controller.go:20.54,23.53 2 0
yamanmnur/simple-dashboard/internal/handlers/auth_controller.go:23.53,26.3 1 0
yamanmnur/simple-dashboard/internal/handlers/auth_controller.go:28.2,28.47 1 0
yamanmnur/simple-dashboard/internal/handlers/auth_controller.go:28.47,30.3 1 0
yamanmnur/simple-dashboard/internal/handlers/auth_controller.go:32.2,34.16 2 0
yamanmnur/simple-dashboard/internal/handlers/auth_controller.go:34.16,36.3 1 0
yamanmnur/simple-dashboard/internal/handlers/auth_controller.go:38.2,48.12 3 0
yamanmnur/simple-dashboard/internal/handlers/auth_controller.go:51.56,55.20 2 0
yamanmnur/simple-dashboard/internal/handlers/auth_controller.go:55.20,57.3 1 0
yamanmnur/simple-dashboard/internal/handlers/auth_controller.go:59.2,61.16 2 0
yamanmnur/simple-dashboard/internal/handlers/auth_controller.go:61.16,63.3 1 0
yamanmnur/simple-dashboard/internal/handlers/auth_controller.go:65.2,67.16 2 0
yamanmnur/simple-dashboard/internal/handlers/auth_controller.go:67.16,69.3 1 0
yamanmnur/simple-dashboard/internal/handlers/auth_controller.go:71.2,81.12 3 0
yamanmnur/simple-dashboard/internal/handlers/customer_controller.go:21.38,23.43 2 0
yamanmnur/simple-dashboard/internal/handlers/customer_controller.go:23.43,25.3 1 0
yamanmnur/simple-dashboard/internal/handlers/customer_controller.go:26.2,26.53 1 0
yamanmnur/simple-dashboard/internal/handlers/customer_controller.go:29.68,33.16 3 0
yamanmnur/simple-dashboard/internal/handlers/customer_controller.go:33.16,35.3 1 0
yamanmnur/simple-dashboard/internal/handlers/customer_controller.go:37.2,38.16 2 0
yamanmnur/simple-dashboard/internal/handlers/customer_controller.go:38.16,40.3 1 0
yamanmnur/simple-dashboard/internal/handlers/customer_controller.go:42.2,52.12 3 0
yamanmnur/simple-dashboard/internal/handlers/customer_controller.go:55.79,58.54 2 0
yamanmnur/simple-dashboard/internal/handlers/customer_controller.go:58.54,62.3 1 0
yamanmnur/simple-dashboard/internal/handlers/customer_controller.go:64.2,64.47 1 0
yamanmnur/simple-dashboard/internal/handlers/customer_controller.go:64.47,66.3 1 0
yamanmnur/simple-dashboard/internal/handlers/customer_controller.go:68.2,69.16 2 0
yamanmnur/simple-dashboard/internal/handlers/customer_controller.go:69.16,79.3 3 0
yamanmnur/simple-dashboard/internal/handlers/customer_controller.go:81.2,97.12 3 0
yamanmnur/simple-dashboard/internal/handlers/customer_controller.go:100.72,103.53 2 0
yamanmnur/simple-dashboard/internal/handlers/customer_controller.go:103.53,105.3 1 0
yamanmnur/simple-dashboard/internal/handlers/customer_controller.go:107.2,108.16 2 0
yamanmnur/simple-dashboard/internal/handlers/customer_controller.go:108.16,110.3 1 0
yamanmnur/simple-dashboard/internal/handlers/customer_controller.go:112.2,122.12 3 0
yamanmnur/simple-dashboard/internal/handlers/customer_controller.go:125.72,128.16 2 0
yamanmnur/simple-dashboard/internal/handlers/customer_controller.go:128.16,130.3 1 0
yamanmnur/simple-dashboard/internal/handlers/customer_controller.go:132.2,133.16 2 0
yamanmnur/simple-dashboard/internal/handlers/customer_controller.go:133.16,135.3 1 0
yamanmnur/simple-dashboard/internal/handlers/customer_controller.go:137.2,147.12 3 0
yamanmnur/simple-dashboard/internal/handlers/customer_controller.go:150.69,154.16 3 0
yamanmnur/simple-dashboard/internal/handlers/customer_controller.go:154.16,156.3 1 0
yamanmnur/simple-dashboard/internal/handlers/customer_controller.go:158.2,161.12 3 0
yamanmnur/simple-dashboard/internal/handlers/customer_controller.go:164.59,166.53 2 0
yamanmnur/simple-dashboard/internal/handlers/customer_controller.go:166.53,168.3 1 0
yamanmnur/simple-dashboard/internal/handlers/customer_controller.go:170.2,170.47 1 0
yamanmnur/simple-dashboard/internal/handlers/customer_controller.go:170.47,172.3 1 0
yamanmnur/simple-dashboard/internal/handlers/customer_controller.go:174.2,176.16 2 0
yamanmnur/simple-dashboard/internal/handlers/customer_controller.go:176.16,178.3 1 0
yamanmnur/simple-dashboard/internal/handlers/customer_controller.go:180.2,190.12 3 0
yamanmnur/simple-dashboard/internal/handlers/dashboard_controller.go:15.66,18.16 2 0
yamanmnur/simple-dashboard/internal/handlers/dashboard_controller.go:18.16,20.3 1 0
yamanmnur/simple-dashboard/internal/handlers/dashboard_controller.go:22.2,32.12 3 0
yamanmnur/simple-dashboard/internal/injectors/auth_injector.go:9.69,12.2 2 0
yamanmnur/simple-dashboard/internal/injectors/customer_injector.go:10.73,14.2 3 0
yamanmnur/simple-dashboard/internal/injectors/dashboard_injector.go:10.74,14.2 3 0
yamanmnur/simple-dashboard/internal/injectors/main_injector.go:31.82,47.2 9 0
yamanmnur/simple-dashboard/internal/injectors/minio_injector.go:9.71,11.2 1 0
yamanmnur/simple-dashboard/internal/injectors/user_injector.go:9.69,12.2 2 0
yamanmnur/simple-dashboard/internal/middlewares/error_handler.go:13.52,14.16 1 0
yamanmnur/simple-dashboard/internal/middlewares/error_handler.go:14.16,23.45 8 0
yamanmnur/simple-dashboard/internal/middlewares/error_handler.go:23.45,26.4 2 0
yamanmnur/simple-dashboard/internal/middlewares/error_handler.go:26.9,26.53 1 0
yamanmnur/simple-dashboard/internal/middlewares/error_handler.go:26.53,29.4 2 0
yamanmnur/simple-dashboard/internal/middlewares/error_handler.go:29.9,29.50 1 0
yamanmnur/simple-dashboard/internal/middlewares/error_handler.go:29.50,32.4 2 0
yamanmnur/simple-dashboard/internal/middlewares/error_handler.go:32.9,32.50 1 0
yamanmnur/simple-dashboard/internal/middlewares/error_handler.go:32.50,35.4 2 0
yamanmnur/simple-dashboard/internal/middlewares/error_handler.go:35.9,35.51 1 0
yamanmnur/simple-dashboard/internal/middlewares/error_handler.go:35.51,38.4 2 0
yamanmnur/simple-dashboard/internal/middlewares/error_handler.go:38.9,38.52 1 0
yamanmnur/simple-dashboard/internal/middlewares/error_handler.go:38.52,41.4 2 0
yamanmnur/simple-dashboard/internal/middlewares/error_handler.go:41.9,44.4 2 0
yamanmnur/simple-dashboard/internal/middlewares/error_handler.go:46.3,54.47 2 0
yamanmnur/simple-dashboard/internal/middlewares/error_handler.go:57.2,57.12 1 0
yamanmnur/simple-dashboard/internal/middlewares/jwt_middlewares.go:9.40,14.22 4 0
yamanmnur/simple-dashboard/internal/middlewares/jwt_middlewares.go:14.22,18.3 1 0
yamanmnur/simple-dashboard/internal/middlewares/jwt_middlewares.go:20.2,22.76 2 0
yamanmnur/simple-dashboard/internal/middlewares/jwt_middlewares.go:22.76,23.54 1 0
yamanmnur/simple-dashboard/internal/middlewares/jwt_middlewares.go:23.54,25.4 1 0
yamanmnur/simple-dashboard/internal/middlewares/jwt_middlewares.go:26.3,26.28 1 0
yamanmnur/simple-dashboard/internal/middlewares/jwt_middlewares.go:29.2,29.32 1 0
yamanmnur/simple-dashboard/internal/middlewares/jwt_middlewares.go:29.32,33.3 1 0
yamanmnur/simple-dashboard/internal/middlewares/jwt_middlewares.go:34.2,37.17 3 0
yamanmnur/simple-dashboard/internal/repositories/customer_repository.go:27.91,35.16 2 3
yamanmnur/simple-dashboard/internal/repositories/customer_repository.go:35.16,37.3 1 2
yamanmnur/simple-dashboard/internal/repositories/customer_repository.go:39.2,39.12 1 1
yamanmnur/simple-dashboard/internal/repositories/customer_repository.go:42.82,52.2 3 3
yamanmnur/simple-dashboard/internal/repositories/customer_repository.go:54.79,56.68 1 2
[...]
yamanmnur/simple-dashboard/internal/handlers/customer_controller.go:170.2,170.47 1 0
yamanmnur/simple-dashboard/internal/handlers/customer_controller.go:170.47,172.3 1 0
yamanmnur/simple-dashboard/internal/handlers/customer_controller.go:174.2,176.16 2 0
yamanmnur/simple-dashboard/internal/handlers/customer_controller.go:176.16,178.3 1 0
yamanmnur/simple-dashboard/internal/handlers/customer_controller.go:180.2,190.12 3 0
yamanmnur/simple-dashboard/internal/handlers/dashboard_controller.go:15.66,18.16 2 0
yamanmnur/simple-dashboard/internal/handlers/dashboard_controller.go:18.16,20.3 1 0
yamanmnur/simple-dashboard/internal/handlers/dashboard_controller.go:22.2,32.12 3 0
yamanmnur/simple-dashboard/internal/injectors/auth_injector.go:9.69,12.2 2 0
yamanmnur/simple-dashboard/internal/injectors/customer_injector.go:10.73,14.2 3 0
yamanmnur/simple-dashboard/internal/injectors/dashboard_injector.go:10.74,14.2 3 0
yamanmnur/simple-dashboard/internal/injectors/main_injector.go:31.82,47.2 9 0
yamanmnur/simple-dashboard/internal/injectors/minio_injector.go:9.71,11.2 1 0
yamanmnur/simple-dashboard/internal/injectors/user_injector.go:9.69,12.2 2 0
yamanmnur/simple-dashboard/internal/middlewares/error_handler.go:13.52,14.16 1 0
yamanmnur/simple-dashboard/internal/middlewares/error_handler.go:14.16,23.45 8 0
yamanmnur/simple-dashboard/internal/middlewares/error_handler.go:23.45,26.4 2 0
yamanmnur/simple-dashboard/internal/middlewares/error_handler.go:26.9,26.53 1 0
yamanmnur/simple-dashboard/internal/middlewares/error_handler.go:26.53,29.4 2 0
yamanmnur/simple-dashboard/internal/middlewares/error_handler.go:29.9,29.50 1 0
yamanmnur/simple-dashboard/internal/middlewares/error_handler.go:29.50,32.4 2 0
yamanmnur/simple-dashboard/internal/middlewares/error_handler.go:32.9,32.50 1 0
yamanmnur/simple-dashboard/internal/middlewares/error_handler.go:32.50,35.4 2 0
yamanmnur/simple-dashboard/internal/middlewares/error_handler.go:35.9,35.51 1 0
yamanmnur/simple-dashboard/internal/middlewares/error_handler.go:35.51,38.4 2 0
yamanmnur/simple-dashboard/internal/middlewares/error_handler.go:38.9,38.52 1 0
yamanmnur/simple-dashboard/internal/middlewares/error_handler.go:38.52,41.4 2 0
yamanmnur/simple-dashboard/internal/middlewares/error_handler.go:41.9,44.4 2 0
yamanmnur/simple-dashboard/internal/middlewares/error_handler.go:46.3,54.47 2 0
yamanmnur/simple-dashboard/internal/middlewares/error_handler.go:57.2,57.12 1 0
yamanmnur/simple-dashboard/internal/middlewares/jwt_middlewares.go:9.40,14.22 4 0
yamanmnur/simple-dashboard/internal/middlewares/jwt_middlewares.go:14.22,18.3 1 0
yamanmnur/simple-dashboard/internal/middlewares/jwt_middlewares.go:20.2,22.76 2 0
yamanmnur/simple-dashboard/internal/middlewares/jwt_middlewares.go:22.76,23.54 1 0
yamanmnur/simple-dashboard/internal/middlewares/jwt_middlewares.go:23.54,25.4 1 0
yamanmnur/simple-dashboard/internal/middlewares/jwt_middlewares.go:26.3,26.28 1 0
yamanmnur/simple-dashboard/internal/middlewares/jwt_middlewares.go:29.2,29.32 1 0
yamanmnur/simple-dashboard/internal/middlewares/jwt_middlewares.go:29.32,33.3 1 0
yamanmnur/simple-dashboard/internal/middlewares/jwt_middlewares.go:34.2,37.17 3 0
yamanmnur/simple-dashboard/internal/repositories/customer_repository.go:27.91,35.16 2 0
yamanmnur/simple-dashboard/internal/repositories/customer_repository.go:35.16,37.3 1 0
yamanmnur/simple-dashboard/internal/repositories/customer_repository.go:39.2,39.12 1 0
yamanmnur/simple-dashboard/internal/repositories/customer_repository.go:42.82,52.2 3 0
yamanmnur/simple-dashboard/internal/repositories/customer_repository.go:54.79,56.68 1 0
yamanmnur/simple-dashboard/internal/repositories/customer_repository.go:56.68,58.3 1 0
yamanmnur/simple-dashboard/internal/repositories/customer_repository.go:60.2,60.12 1 0
yamanmnur/simple-dashboard/internal/repositories/customer_repository.go:63.104,71.25 7 0
yamanmnur/simple-dashboard/internal/repositories/customer_repository.go:71.25,73.3 1 0
yamanmnur/simple-dashboard/internal/repositories/customer_repository.go:75.2,75.30 1 0
yamanmnur/simple-dashboard/internal/repositories/customer_repository.go:75.30,77.3 1 0
yamanmnur/simple-dashboard/internal/repositories/customer_repository.go:79.2,79.22 1 0
yamanmnur/simple-dashboard/internal/repositories/customer_repository.go:82.109,85.26 2 0
yamanmnur/simple-dashboard/internal/repositories/customer_repository.go:85.26,87.3 1 0
yamanmnur/simple-dashboard/internal/repositories/customer_repository.go:89.2,89.29 1 0
yamanmnur/simple-dashboard/internal/repositories/customer_repository.go:89.29,91.3 1 0
yamanmnur/simple-dashboard/internal/repositories/customer_repository.go:93.2,93.30 1 0
yamanmnur/simple-dashboard/internal/repositories/customer_repository.go:93.30,95.3 1 0
yamanmnur/simple-dashboard/internal/repositories/customer_repository.go:97.2,97.36 1 0
yamanmnur/simple-dashboard/internal/repositories/customer_repository.go:97.36,99.3 1 0
yamanmnur/simple-dashboard/internal/repositories/customer_repository.go:101.2,101.32 1 0
yamanmnur/simple-dashboard/internal/repositories/customer_repository.go:101.32,103.3 1 0
yamanmnur/simple-dashboard/internal/repositories/customer_repository.go:105.2,105.30 1 0
yamanmnur/simple-dashboard/internal/repositories/customer_repository.go:105.30,107.3 1 0
yamanmnur/simple-dashboard/internal/repositories/customer_repository.go:109.2,110.25 2 0
yamanmnur/simple-dashboard/internal/repositories/customer_repository.go:110.25,112.3 1 0
yamanmnur/simple-dashboard/internal/repositories/customer_repository.go:114.2,114.30 1 0
yamanmnur/simple-dashboard/internal/repositories/customer_repository.go:114.30,116.3 1 0
yamanmnur/simple-dashboard/internal/repositories/customer_repository.go:118.2,118.22 1 0
yamanmnur/simple-dashboard/internal/repositories/customer_repository.go:121.61,123.30 2 0
yamanmnur/simple-dashboard/internal/repositories/customer_repository.go:123.30,125.3 1 0
yamanmnur/simple-dashboard/internal/repositories/customer_repository.go:126.2,126.12 1 0
yamanmnur/simple-dashboard/internal/repositories/customer_repository.go:128.154,156.30 6 0
yamanmnur/simple-dashboard/internal/repositories/customer_repository.go:156.30,165.3 2 0
yamanmnur/simple-dashboard/internal/repositories/customer_repository.go:167.2,167.65 1 0
yamanmnur/simple-dashboard/internal/repositories/customer_repository.go:167.65,170.3 2 0
yamanmnur/simple-dashboard/internal/repositories/customer_repository.go:172.2,172.73 1 0
yamanmnur/simple-dashboard/internal/repositories/customer_repository.go:172.73,174.3 1 0
yamanmnur/simple-dashboard/internal/repositories/customer_repository.go:176.2,176.147 1 0
yamanmnur/simple-dashboard/internal/repositories/customer_repository.go:176.147,178.3 1 0
yamanmnur/simple-dashboard/internal/repositories/customer_repository.go:180.2,185.23 5 0
yamanmnur/simple-dashboard/internal/repositories/dashboard_repository.go:18.88,30.2 3 0
yamanmnur/simple-dashboard/internal/repositories/dashboard_repository.go:32.79,51.2 3 0
yamanmnur/simple-dashboard/internal/repositories/dashboard_repository.go:53.98,83.2 3 0
yamanmnur/simple-dashboard/internal/repositories/user_repository.go:23.74,28.2 3 0
yamanmnur/simple-dashboard/internal/repositories/user_repository.go:30.88,34.25 3 0
yamanmnur/simple-dashboard/internal/repositories/user_repository.go:34.25,36.3 1 0
yamanmnur/simple-dashboard/internal/repositories/user_repository.go:37.2,37.30 1 0
yamanmnur/simple-dashboard/internal/repositories/user_repository.go:37.30,39.3 1 0
yamanmnur/simple-dashboard/internal/repositories/user_repository.go:40.2,40.18 1 0
yamanmnur/simple-dashboard/internal/repositories/user_repository.go:43.87,50.25 6 0
yamanmnur/simple-dashboard/internal/repositories/user_repository.go:50.25,52.3 1 0
yamanmnur/simple-dashboard/internal/repositories/user_repository.go:54.2,54.30 1 0
yamanmnur/simple-dashboard/internal/repositories/user_repository.go:54.30,56.3 1 0
yamanmnur/simple-dashboard/internal/repositories/user_repository.go:58.2,58.18 1 0
yamanmnur/simple-dashboard/internal/repositories/user_repository.go:61.87,68.94 5 0
yamanmnur/simple-dashboard/internal/repositories/user_repository.go:68.94,70.3 1 0
yamanmnur/simple-dashboard/internal/repositories/user_repository.go:72.2,72.18 1 0
yamanmnur/simple-dashboard/internal/services/auth_service.go:23.52,25.16 2 0
yamanmnur/simple-dashboard/internal/services/auth_service.go:25.16,27.3 1 0
yamanmnur/simple-dashboard/internal/services/auth_service.go:28.2,28.26 1 0
yamanmnur/simple-dashboard/internal/services/auth_service.go:31.63,34.2 2 0
yamanmnur/simple-dashboard/internal/services/auth_service.go:40.74,56.2 8 0
yamanmnur/simple-dashboard/internal/services/auth_service.go:58.89,68.16 3 0
yamanmnur/simple-dashboard/internal/services/auth_service.go:68.16,70.3 1 0
yamanmnur/simple-dashboard/internal/services/auth_service.go:72.2,81.8 2 0
yamanmnur/simple-dashboard/internal/services/auth_service.go:84.83,87.16 2 0
yamanmnur/simple-dashboard/internal/services/auth_service.go:87.16,89.3 1 0
yamanmnur/simple-dashboard/internal/services/auth_service.go:91.2,91.56 1 0
yamanmnur/simple-dashboard/internal/services/auth_service.go:91.56,93.3 1 0
yamanmnur/simple-dashboard/internal/services/auth_service.go:95.2,103.8 2 0
yamanmnur/simple-dashboard/internal/services/auth_service.go:106.80,109.16 2 0
yamanmnur/simple-dashboard/internal/services/auth_service.go:109.16,111.3 1 0
yamanmnur/simple-dashboard/internal/services/auth_service.go:113.2,117.8 1 0
yamanmnur/simple-dashboard/internal/services/customer_service.go:35.82,40.16 4 0
yamanmnur/simple-dashboard/internal/services/customer_service.go:40.16,42.3 1 0
yamanmnur/simple-dashboard/internal/services/customer_service.go:44.2,66.42 22 0
yamanmnur/simple-dashboard/internal/services/customer_service.go:66.42,74.3 3 0
yamanmnur/simple-dashboard/internal/services/customer_service.go:76.2,98.43 10 0
yamanmnur/simple-dashboard/internal/services/customer_service.go:98.43,116.3 2 0
yamanmnur/simple-dashboard/internal/services/customer_service.go:118.2,122.20 4 0
yamanmnur/simple-dashboard/internal/services/customer_service.go:125.78,129.16 3 0
yamanmnur/simple-dashboard/internal/services/customer_service.go:129.16,131.3 1 0
yamanmnur/simple-dashboard/internal/services/customer_service.go:133.2,141.20 8 0
yamanmnur/simple-dashboard/internal/services/customer_service.go:144.108,176.16 3 0
yamanmnur/simple-dashboard/internal/services/customer_service.go:176.16,178.3 1 0
yamanmnur/simple-dashboard/internal/services/customer_service.go:180.2,181.28 2 0
yamanmnur/simple-dashboard/internal/services/customer_service.go:184.95,187.16 3 0
yamanmnur/simple-dashboard/internal/services/customer_service.go:187.16,189.3 1 0
yamanmnur/simple-dashboard/internal/services/customer_service.go:191.2,197.20 6 0
yamanmnur/simple-dashboard/internal/services/customer_service.go:200.120,208.16 6 0
yamanmnur/simple-dashboard/internal/services/customer_service.go:208.16,210.3 1 0
yamanmnur/simple-dashboard/internal/services/customer_service.go:212.2,220.20 7 0
yamanmnur/simple-dashboard/internal/services/customer_service.go:223.113,226.16 2 0
yamanmnur/simple-dashboard/internal/services/customer_service.go:226.16,228.3 1 0
yamanmnur/simple-dashboard/internal/services/customer_service.go:229.2,232.55 3 0
yamanmnur/simple-dashboard/internal/services/customer_service.go:232.55,234.3 1 0
yamanmnur/simple-dashboard/internal/services/customer_service.go:236.2,237.16 2 0
yamanmnur/simple-dashboard/internal/services/customer_service.go:237.16,239.3 1 0
yamanmnur/simple-dashboard/internal/services/customer_service.go:240.2,242.16 2 0
yamanmnur/simple-dashboard/internal/services/customer_service.go:242.16,244.3 1 0
yamanmnur/simple-dashboard/internal/services/customer_service.go:246.2,248.26 2 0
yamanmnur/simple-dashboard/internal/services/customer_service.go:251.83,255.2 2 0
yamanmnur/simple-dashboard/internal/services/customer_service.go:257.55,259.16 2 0
yamanmnur/simple-dashboard/internal/services/customer_service.go:259.16,262.3 1 0
yamanmnur/simple-dashboard/internal/services/customer_service.go:264.2,264.12 1 0
yamanmnur/simple-dashboard/internal/services/customer_service.go:266.153,269.16 2 0
yamanmnur/simple-dashboard/internal/services/customer_service.go:269.16,271.3 1 0
yamanmnur/simple-dashboard/internal/services/customer_service.go:273.2,284.22 2 0
yamanmnur/simple-dashboard/internal/services/dashboard_service.go:17.77,19.16 2 0
yamanmnur/simple-dashboard/internal/services/dashboard_service.go:19.16,21.3 1 0
yamanmnur/simple-dashboard/internal/services/dashboard_service.go:23.2,30.32 6 0
yamanmnur/simple-dashboard/internal/services/dashboard_service.go:30.32,34.3 2 0
yamanmnur/simple-dashboard/internal/services/dashboard_service.go:35.2,35.16 1 0
yamanmnur/simple-dashboard/internal/services/dashboard_service.go:35.16,37.3 1 0
yamanmnur/simple-dashboard/internal/services/dashboard_service.go:39.2,40.16 2 0
yamanmnur/simple-dashboard/internal/services/dashboard_service.go:40.16,42.3 1 0
yamanmnur/simple-dashboard/internal/services/dashboard_service.go:44.2,48.8 1 0
yamanmnur/simple-dashboard/internal/services/user_service.go:20.70,25.16 3 0
yamanmnur/simple-dashboard/internal/services/user_service.go:25.16,27.3 1 0
yamanmnur/simple-dashboard/internal/services/user_service.go:29.2,34.20 5 0
yamanmnur/simple-dashboard/internal/services/user_service.go:37.84,42.16 3 0
yamanmnur/simple-dashboard/internal/services/user_service.go:42.16,44.3 1 0
yamanmnur/simple-dashboard/internal/services/user_service.go:46.2,51.20 5 0
yamanmnur/simple-dashboard/internal/services/user_service.go:54.83,59.16 3 0
yamanmnur/simple-dashboard/internal/services/user_service.go:59.16,61.3 1 0
yamanmnur/simple-dashboard/internal/services/user_service.go:63.2,68.20 5 0
yamanmnur/simple-dashboard/internal/services/user_service.go:71.83,76.16 3 0
yamanmnur/simple-dashboard/internal/services/user_service.go:76.16,78.3 1 0
yamanmnur/simple-dashboard/internal/services/user_service.go:80.2,85.20 5 0
yamanmnur/simple-dashboard/pkg/data/base_data.go:11.36,13.2 1 0
yamanmnur/simple-dashboard/pkg/data/base_data.go:15.35,16.18 1 0
yamanmnur/simple-dashboard/pkg/data/base_data.go:16.18,18.3 1 0
yamanmnur/simple-dashboard/pkg/data/base_data.go:19.2,19.16 1 0
yamanmnur/simple-dashboard/pkg/data/base_data.go:22.34,23.17 1 0
yamanmnur/simple-dashboard/pkg/data/base_data.go:23.17,25.3 1 0
yamanmnur/simple-dashboard/pkg/data/base_data.go:26.2,26.15 1 0
yamanmnur/simple-dashboard/pkg/data/base_data.go:29.37,30.18 1 0
yamanmnur/simple-dashboard/pkg/data/base_data.go:30.18,32.3 1 0
yamanmnur/simple-dashboard/pkg/data/base_data.go:33.2,33.15 1 0
yamanmnur/simple-dashboard/pkg/data/base_data.go:50.48,52.2 1 0
yamanmnur/simple-dashboard/pkg/db/db.go:9.33,20.2 8 0
yamanmnur/simple-dashboard/pkg/db/dbhandler.go:13.51,15.2 1 0
yamanmnur/simple-dashboard/pkg/db/dbhandler.go:16.33,18.2 1 0
yamanmnur/simple-dashboard/pkg/requests/base_request.go:13.39,17.2 1 0
yamanmnur/simple-dashboard/pkg/responses/base_response.go:26.73,30.2 1 0
yamanmnur/simple-dashboard/pkg/responses/base_response.go:32.63,34.2 1 0
yamanmnur/simple-dashboard/pkg/responses/base_response.go:36.71,38.2 1 0
yamanmnur/simple-dashboard/pkg/responses/base_response.go:40.45,42.2 1 0
yamanmnur/simple-dashboard/pkg/responses/base_response.go:44.49,46.2 1 0
yamanmnur/simple-dashboard/pkg/util/bank_data_generate.go:9.27,11.2 1 1
yamanmnur/simple-dashboard/pkg/util/bank_data_generate.go:13.37,18.2 3 1
yamanmnur/simple-dashboard/pkg/util/bank_data_generate.go:20.38,24.2 3 1
yamanmnur/simple-dashboard/pkg/util/bank_data_generate.go:26.34,28.25 2 1
yamanmnur/simple-dashboard/pkg/util/bank_data_generate.go:28.25,30.12 2 4
yamanmnur/simple-dashboard/pkg/util/bank_data_generate.go:30.12,32.4 1 3
yamanmnur/simple-dashboard/pkg/util/bank_data_generate.go:33.3,33.21 1 4
yamanmnur/simple-dashboard/pkg/util/bank_data_generate.go:35.2,35.19 1 1
yamanmnur/simple-dashboard/pkg/util/format_currency.go:8.56,10.16 2 6
yamanmnur/simple-dashboard/pkg/util/format_currency.go:10.16,12.3 1 1
yamanmnur/simple-dashboard/pkg/util/format_currency.go:14.2,18.27 3 5
yamanmnur/simple-dashboard/pkg/util/format_currency.go:21.45,26.26 4 5
yamanmnur/simple-dashboard/pkg/util/format_currency.go:26.26,27.34 1 32
yamanmnur/simple-dashboard/pkg/util/format_currency.go:27.34,29.4 1 8
yamanmnur/simple-dashboard/pkg/util/format_currency.go:30.3,30.26 1 32
yamanmnur/simple-dashboard/pkg/util/format_currency.go:32.2,32.24 1 5
yamanmnur/simple-dashboard/pkg/util/minio_client.go:23.32,34.16 6 2
yamanmnur/simple-dashboard/pkg/util/minio_client.go:34.16,36.3 1 0
yamanmnur/simple-dashboard/pkg/util/minio_client.go:37.2,37.20 1 2
yamanmnur/simple-dashboard/pkg/util/minio_client.go:40.63,43.16 3 2
yamanmnur/simple-dashboard/pkg/util/minio_client.go:43.16,45.3 1 0
yamanmnur/simple-dashboard/pkg/util/minio_client.go:46.2,46.13 1 2
yamanmnur/simple-dashboard/pkg/util/minio_client.go:46.13,48.3 1 1
yamanmnur/simple-dashboard/pkg/util/minio_client.go:49.2,49.12 1 1
yamanmnur/simple-dashboard/pkg/util/minio_client.go:52.87,58.2 4 2
yamanmnur/simple-dashboard/pkg/util/minio_client.go:60.84,63.16 3 1
yamanmnur/simple-dashboard/pkg/util/minio_client.go:63.16,65.3 1 0
yamanmnur/simple-dashboard/pkg/util/minio_client.go:66.2,70.16 4 1
yamanmnur/simple-dashboard/pkg/util/minio_client.go:70.16,72.3 1 0
yamanmnur/simple-dashboard/pkg/util/minio_client.go:74.2,74.25 1 1
yamanmnur/simple-dashboard/routes/auth_routes.go:10.74,15.2 4 0
yamanmnur/simple-dashboard/routes/customer_routes.go:10.81,23.2 10 0
yamanmnur/simple-dashboard/routes/dashboard_routes.go:9.84,12.2 2 0
yamanmnur/simple-dashboard/seeder/bank_account_seeder.go:8.26,113.36 3 0
yamanmnur/simple-dashboard/seeder/bank_account_seeder.go:113.36,115.3 1 0
yamanmnur/simple-dashboard/seeder/customer_seeder.go:8.23,23.37 3 0
yamanmnur/simple-dashboard/seeder/customer_seeder.go:23.37,25.3 1 0
yamanmnur/simple-dashboard/seeder/main_seeder.go:3.17,10.2 6 0
yamanmnur/simple-dashboard/seeder/pocket_seeder.go:8.21,76.16 5 0
yamanmnur/simple-dashboard/seeder/pocket_seeder.go:76.16,77.32 1 0
yamanmnur/simple-dashboard/seeder/pocket_seeder.go:77.32,79.4 1 0
yamanmnur/simple-dashboard/seeder/term_deposit_types_seeder.go:8.31,124.16 5 0
yamanmnur/simple-dashboard/seeder/term_deposit_types_seeder.go:124.16,125.42 1 0
yamanmnur/simple-dashboard/seeder/term_deposit_types_seeder.go:125.42,127.4 1 0
yamanmnur/simple-dashboard/seeder/term_deposite_seeder.go:8.26,127.16 7 0
yamanmnur/simple-dashboard/seeder/term_deposite_seeder.go:127.16,128.37 1 0
yamanmnur/simple-dashboard/seeder/term_deposite_seeder.go:128.37,130.4 1 0
yamanmnur/simple-dashboard/seeder/user_seeder.go:9.19,15.29 4 0
yamanmnur/simple-dashboard/seeder/user_seeder.go:15.29,17.3 1 0
yamanmnur/simple-dashboard/tests/services/mocks/customer_repository_mock.go:16.77,19.2 2 0
yamanmnur/simple-dashboard/tests/services/mocks/customer_repository_mock.go:21.86,24.2 2 0
yamanmnur/simple-dashboard/tests/services/mocks/customer_repository_mock.go:26.78,29.2 2 0
yamanmnur/simple-dashboard/tests/services/mocks/customer_repository_mock.go:31.99,34.2 2 0
yamanmnur/simple-dashboard/tests/services/mocks/customer_repository_mock.go:36.104,39.2 2 0
yamanmnur/simple-dashboard/tests/services/mocks/customer_repository_mock.go:41.56,44.2 2 0
yamanmnur/simple-dashboard/tests/services/mocks/customer_repository_mock.go:46.149,49.2 2 0
yamanmnur/simple-dashboard/tests/services/mocks/minio_client_mock.go:11.87,14.2 2 0
yamanmnur/simple-dashboard/tests/services/mocks/minio_client_mock.go:16.84,19.2 2 0
yamanmnur/simple-dashboard/tests/services/mocks/minio_client_mock.go:21.63,24.2 2 0
yamanmnur/simple-dashboard/tests/services/mocks/user_repository_mock.go:14.69,17.2 2 0
yamanmnur/simple-dashboard/tests/services/mocks/user_repository_mock.go:19.83,22.2 2 0
yamanmnur/simple-dashboard/tests/services/mocks/user_repository_mock.go:24.82,27.2 2 0
yamanmnur/simple-dashboard/tests/services/mocks/user_repository_mock.go:29.82,32.2 2 0
